{"numTotalTestSuites":97,"numPassedTestSuites":91,"numFailedTestSuites":6,"numPendingTestSuites":0,"numTotalTests":318,"numPassedTests":302,"numFailedTests":16,"numPendingTests":0,"numTodoTests":0,"snapshot":{"added":0,"failure":false,"filesAdded":0,"filesRemoved":0,"filesRemovedList":[],"filesUnmatched":0,"filesUpdated":0,"matched":0,"total":0,"unchecked":0,"uncheckedKeysByFile":[],"unmatched":0,"updated":0,"didUpdate":false},"startTime":1781041637301,"success":false,"testResults":[{"assertionResults":[{"ancestorTitles":["fetchSubredditQuotes"],"fullName":"fetchSubredditQuotes returns sanitized quotes from top yearly posts","status":"passed","title":"returns sanitized quotes from top yearly posts","duration":3.2117909999999483,"failureMessages":[],"meta":{},"tags":[]},{"ancestorTitles":["fetchSubredditQuotes"],"fullName":"fetchSubredditQuotes filters removed and deleted placeholder posts","status":"passed","title":"filters removed and deleted placeholder posts","duration":0.489708999999948,"failureMessages":[],"meta":{},"tags":[]},{"ancestorTitles":["fetchSubredditQuotes"],"fullName":"fetchSubredditQuotes falls back to top monthly posts when yearly results are empty","status":"passed","title":"falls back to top monthly posts when yearly results are empty","duration":0.6414589999999407,"failureMessages":[],"meta":{},"tags":[]},{"ancestorTitles":["fetchSubredditQuotes"],"fullName":"fetchSubredditQuotes throws on invalid subreddit names","status":"passed","title":"throws on invalid subreddit names","duration":0.8100000000001728,"failureMessages":[],"meta":{},"tags":[]},{"ancestorTitles":["fetchSubredditQuotesFresh"],"fullName":"fetchSubredditQuotesFresh fetches latest /new and /hot listings for fresh vernacular signals","status":"passed","title":"fetches latest /new and /hot listings for fresh vernacular signals","duration":0.6790000000000873,"failureMessages":[],"meta":{},"tags":[]}],"startTime":1781041647978,"endTime":1781041647984.679,"status":"passed","message":"","name":"/Users/brussell/Downloads/Code/Cultural Archeologist/cultural-archaeologist-azure-claude-fixed/lib/fetchSubredditQuotes.test.ts"},{"assertionResults":[{"ancestorTitles":["fetchAudienceContext"],"fullName":"fetchAudienceContext executes two macro web lanes and combines snippets into a moments digest","status":"passed","title":"executes two macro web lanes and combines snippets into a moments digest","duration":5.7177090000000135,"failureMessages":[],"meta":{},"tags":[]},{"ancestorTitles":["fetchAudienceContext"],"fullName":"fetchAudienceContext supports behavior-focused grounding by appending ritual query terms without strict recency filters","status":"passed","title":"supports behavior-focused grounding by appending ritual query terms without strict recency filters","duration":2.5730409999998756,"failureMessages":[],"meta":{},"tags":[]},{"ancestorTitles":["fetchAudienceContext"],"fullName":"fetchAudienceContext returns partial context when one web lane fails but the other lane succeeds","status":"passed","title":"returns partial context when one web lane fails but the other lane succeeds","duration":1.6513749999999163,"failureMessages":[],"meta":{},"tags":[]},{"ancestorTitles":["fetchAudienceContext"],"fullName":"fetchAudienceContext throws when all lanes fail","status":"passed","title":"throws when all lanes fail","duration":1.7395409999999174,"failureMessages":[],"meta":{},"tags":[]},{"ancestorTitles":["fetchAudienceContext"],"fullName":"fetchAudienceContext uses Google Custom Search when Google credentials are configured","status":"passed","title":"uses Google Custom Search when Google credentials are configured","duration":0.8554160000001048,"failureMessages":[],"meta":{},"tags":[]},{"ancestorTitles":["fetchAudienceContext"],"fullName":"fetchAudienceContext prefers Bing when both Bing and Google credentials are present","status":"passed","title":"prefers Bing when both Bing and Google credentials are present","duration":3.081916999999976,"failureMessages":[],"meta":{},"tags":[]},{"ancestorTitles":["fetchAudienceContext"],"fullName":"fetchAudienceContext returns explicit no-results context when all lanes succeed with empty payloads","status":"passed","title":"returns explicit no-results context when all lanes succeed with empty payloads","duration":1.2180000000000746,"failureMessages":[],"meta":{},"tags":[]},{"ancestorTitles":["fetchAudienceContext"],"fullName":"fetchAudienceContext supports previous methodology with a single baseline lane","status":"passed","title":"supports previous methodology with a single baseline lane","duration":1.7859580000001642,"failureMessages":[],"meta":{},"tags":[]},{"ancestorTitles":["fetchAudienceContext"],"fullName":"fetchAudienceContext supports experimental methodology with broad-intake queries and strict synthesis output","status":"passed","title":"supports experimental methodology with broad-intake queries and strict synthesis output","duration":3.598167000000103,"failureMessages":[],"meta":{},"tags":[]},{"ancestorTitles":["fetchAudienceContext"],"fullName":"fetchAudienceContext supports previous community methodology with a single baseline lane","status":"passed","title":"supports previous community methodology with a single baseline lane","duration":1.4677499999997963,"failureMessages":[],"meta":{},"tags":[]},{"ancestorTitles":["fetchAudienceContext"],"fullName":"fetchAudienceContext uses a community barbell retrieval mix with foundational hubs and breakout micro-communities","status":"passed","title":"uses a community barbell retrieval mix with foundational hubs and breakout micro-communities","duration":3.912208999999848,"failureMessages":[],"meta":{},"tags":[]}],"startTime":1781041646288,"endTime":1781041646315.912,"status":"passed","message":"","name":"/Users/brussell/Downloads/Code/Cultural Archeologist/cultural-archaeologist-azure-claude-fixed/lib/grounding.test.ts"},{"assertionResults":[{"ancestorTitles":["collectCurrentLanguageSignals"],"fullName":"collectCurrentLanguageSignals uses Bing freshness=Week, Reddit /new + /hot, and Urban Dictionary validation","status":"passed","title":"uses Bing freshness=Week, Reddit /new + /hot, and Urban Dictionary validation","duration":14.057125000000042,"failureMessages":[],"meta":{},"tags":[]},{"ancestorTitles":["collectCurrentLanguageSignals"],"fullName":"collectCurrentLanguageSignals applies gatekeeper filter before building verbatim digest payload","status":"passed","title":"applies gatekeeper filter before building verbatim digest payload","duration":8.7824999999998,"failureMessages":[],"meta":{},"tags":[]}],"startTime":1781041648689,"endTime":1781041648711.7825,"status":"passed","message":"","name":"/Users/brussell/Downloads/Code/Cultural Archeologist/cultural-archaeologist-azure-claude-fixed/lib/language-methodology.test.ts"},{"assertionResults":[{"ancestorTitles":["analyzeBrandWithVision"],"fullName":"analyzeBrandWithVision sends a base64 screenshot to gpt-4o vision with json_object response format","status":"passed","title":"sends a base64 screenshot to gpt-4o vision with json_object response format","duration":9.239749999999958,"failureMessages":[],"meta":{},"tags":[]},{"ancestorTitles":["analyzeBrandWithVision"],"fullName":"analyzeBrandWithVision keeps provided data URL mime type when passed a full data URL","status":"passed","title":"keeps provided data URL mime type when passed a full data URL","duration":0.6900000000000546,"failureMessages":[],"meta":{},"tags":[]},{"ancestorTitles":["analyzeBrandWithVision"],"fullName":"analyzeBrandWithVision recovers valid JSON when model wraps it in extra text","status":"passed","title":"recovers valid JSON when model wraps it in extra text","duration":0.3637499999999818,"failureMessages":[],"meta":{},"tags":[]},{"ancestorTitles":["analyzeBrandWithVision"],"fullName":"analyzeBrandWithVision throws a clear error when screenshot input is empty","status":"passed","title":"throws a clear error when screenshot input is empty","duration":0.9479999999998654,"failureMessages":[],"meta":{},"tags":[]},{"ancestorTitles":["analyzeBrandWithVision"],"fullName":"analyzeBrandWithVision throws when screenshot payload exceeds max size guard","status":"passed","title":"throws when screenshot payload exceeds max size guard","duration":2.0397080000000187,"failureMessages":[],"meta":{},"tags":[]},{"ancestorTitles":["analyzeBrandWithVision"],"fullName":"analyzeBrandWithVision throws when required schema keys are missing","status":"passed","title":"throws when required schema keys are missing","duration":1.1863749999999982,"failureMessages":[],"meta":{},"tags":[]}],"startTime":1781041646289,"endTime":1781041646303.1863,"status":"passed","message":"","name":"/Users/brussell/Downloads/Code/Cultural Archeologist/cultural-archaeologist-azure-claude-fixed/server/analyze-brand-with-vision.test.ts"},{"assertionResults":[{"ancestorTitles":["extractDesignTokensFromHtml"],"fullName":"extractDesignTokensFromHtml extracts unique CSS hex colors and font families with limits","status":"passed","title":"extracts unique CSS hex colors and font families with limits","duration":3.3639169999999012,"failureMessages":[],"meta":{},"tags":[]},{"ancestorTitles":["extractDesignTokensFromHtml"],"fullName":"extractDesignTokensFromHtml extracts rgb/rgba colors and CSS variable font declarations","status":"passed","title":"extracts rgb/rgba colors and CSS variable font declarations","duration":2.6396250000000236,"failureMessages":[],"meta":{},"tags":[]},{"ancestorTitles":["Design excavator vision helpers"],"fullName":"Design excavator vision helpers combines updated path tokens by preferring vision output and keeping scraped fallback","status":"passed","title":"combines updated path tokens by preferring vision output and keeping scraped fallback","duration":0.220833999999968,"failureMessages":[],"meta":{},"tags":[]},{"ancestorTitles":["Design excavator vision helpers"],"fullName":"Design excavator vision helpers builds thum.io screenshot URL from domain input","status":"passed","title":"builds thum.io screenshot URL from domain input","duration":0.33779200000003584,"failureMessages":[],"meta":{},"tags":[]},{"ancestorTitles":["Design excavator vision helpers"],"fullName":"Design excavator vision helpers includes explicit typography, visual hierarchy, and color balance guidance in system prompt","status":"passed","title":"includes explicit typography, visual hierarchy, and color balance guidance in system prompt","duration":0.21495800000002419,"failureMessages":[],"meta":{},"tags":[]},{"ancestorTitles":["Design excavator vision helpers"],"fullName":"Design excavator vision helpers sends image_url content to GPT-4o vision call","status":"passed","title":"sends image_url content to GPT-4o vision call","duration":8.814540999999963,"failureMessages":[],"meta":{},"tags":[]}],"startTime":1781041647173,"endTime":1781041647188.8145,"status":"passed","message":"","name":"/Users/brussell/Downloads/Code/Cultural Archeologist/cultural-archaeologist-azure-claude-fixed/server/brand-images.test.ts"},{"assertionResults":[{"ancestorTitles":["evaluateBrandLogoCandidates"],"fullName":"evaluateBrandLogoCandidates collects og:image, icon links, and logo candidates from semantic containers","status":"passed","title":"collects og:image, icon links, and logo candidates from semantic containers","duration":38.31124999999997,"failureMessages":[],"meta":{},"tags":[]},{"ancestorTitles":["evaluateBrandLogoCandidates"],"fullName":"evaluateBrandLogoCandidates deduplicates entries and filters invalid URL schemes","status":"passed","title":"deduplicates entries and filters invalid URL schemes","duration":6.977459000000181,"failureMessages":[],"meta":{},"tags":[]},{"ancestorTitles":["pickTopLogoCandidates"],"fullName":"pickTopLogoCandidates prioritizes header/nav/logo candidates over og:image and icons","status":"passed","title":"prioritizes header/nav/logo candidates over og:image and icons","duration":0.720792000000074,"failureMessages":[],"meta":{},"tags":[]},{"ancestorTitles":["pickTopLogoCandidates"],"fullName":"pickTopLogoCandidates de-prioritizes tiny favicon-like assets and returns only top 3 unique URLs","status":"passed","title":"de-prioritizes tiny favicon-like assets and returns only top 3 unique URLs","duration":0.5531670000000304,"failureMessages":[],"meta":{},"tags":[]},{"ancestorTitles":["extractTypography"],"fullName":"extractTypography extracts and deduplicates computed typography samples by tag","status":"passed","title":"extracts and deduplicates computed typography samples by tag","duration":4.463083000000097,"failureMessages":[],"meta":{},"tags":[]},{"ancestorTitles":["extractTypography"],"fullName":"extractTypography returns empty arrays for missing tags and still provides a stable shape","status":"passed","title":"returns empty arrays for missing tags and still provides a stable shape","duration":0.3916659999999865,"failureMessages":[],"meta":{},"tags":[]},{"ancestorTitles":["extractColorPalette"],"fullName":"extractColorPalette maps node-vibrant swatches into custom accent/neutral keys","status":"passed","title":"maps node-vibrant swatches into custom accent/neutral keys","duration":0.5796669999999722,"failureMessages":[],"meta":{},"tags":[]},{"ancestorTitles":["extractColorPalette"],"fullName":"extractColorPalette returns null when node-vibrant throws","status":"passed","title":"returns null when node-vibrant throws","duration":6.956000000000131,"failureMessages":[],"meta":{},"tags":[]}],"startTime":1781041645555,"endTime":1781041645613.956,"status":"passed","message":"","name":"/Users/brussell/Downloads/Code/Cultural Archeologist/cultural-archaeologist-azure-claude-fixed/server/extract-assets.test.ts"},{"assertionResults":[{"ancestorTitles":["App Component"],"fullName":"App Component renders the main heading","status":"passed","title":"renders the main heading","duration":339.94516699999986,"failureMessages":[],"meta":{},"tags":[]},{"ancestorTitles":["App Component"],"fullName":"App Component has input fields for brand and audience","status":"passed","title":"has input fields for brand and audience","duration":80.90475000000015,"failureMessages":[],"meta":{},"tags":[]},{"ancestorTitles":["App Component"],"fullName":"App Component shows contextual guidance for brand/category and topic inputs","status":"failed","title":"shows contextual guidance for brand/category and topic inputs","duration":175.52800000000025,"failureMessages":["Error: expect(element).toHaveTextContent()\n\nExpected element to have text content:\n  Add the key audience that you want to analyze.\nReceived:\n  Add the audience you want to analyze.\n    at Proxy.__VITEST_EXTEND_ASSERTION__ (file:///Users/brussell/Downloads/Code/Cultural%20Archeologist/cultural-archaeologist-azure-claude-fixed/node_modules/@vitest/expect/dist/index.js:1888:12)\n    at Proxy.<anonymous> (file:///Users/brussell/Downloads/Code/Cultural%20Archeologist/cultural-archaeologist-azure-claude-fixed/node_modules/@vitest/expect/dist/index.js:1156:15)\n    at Proxy.methodWrapper (file:///Users/brussell/Downloads/Code/Cultural%20Archeologist/cultural-archaeologist-azure-claude-fixed/node_modules/chai/index.js:1700:25)\n    at /Users/brussell/Downloads/Code/Cultural Archeologist/cultural-archaeologist-azure-claude-fixed/src/App.test.tsx:53:62\n    at file:///Users/brussell/Downloads/Code/Cultural%20Archeologist/cultural-archaeologist-azure-claude-fixed/node_modules/@vitest/runner/dist/chunk-artifact.js:1903:20"],"meta":{},"tags":[]},{"ancestorTitles":["App Component"],"fullName":"App Component shows brand suggestions as user types","status":"passed","title":"shows brand suggestions as user types","duration":944.7722090000007,"failureMessages":[],"meta":{},"tags":[]},{"ancestorTitles":["App Component"],"fullName":"App Component supports multiple brand chips while still allowing free-form category input","status":"passed","title":"supports multiple brand chips while still allowing free-form category input","duration":725.8010830000003,"failureMessages":[],"meta":{},"tags":[]},{"ancestorTitles":["App Component"],"fullName":"App Component keeps topic input editable","status":"passed","title":"keeps topic input editable","duration":126.546875,"failureMessages":[],"meta":{},"tags":[]},{"ancestorTitles":["App Component"],"fullName":"App Component shows validation error if audience is empty on generate","status":"passed","title":"shows validation error if audience is empty on generate","duration":229.07366700000057,"failureMessages":[],"meta":{},"tags":[]},{"ancestorTitles":["App Component"],"fullName":"App Component shows loading state when generating","status":"passed","title":"shows loading state when generating","duration":363.1979999999994,"failureMessages":[],"meta":{},"tags":[]},{"ancestorTitles":["App Component"],"fullName":"App Component shows error toast if brand suggestion fails","status":"passed","title":"shows error toast if brand suggestion fails","duration":337.76004099999955,"failureMessages":[],"meta":{},"tags":[]},{"ancestorTitles":["App Component"],"fullName":"App Component shows a mobile hamburger menu for top navigation links","status":"passed","title":"shows a mobile hamburger menu for top navigation links","duration":171.73470799999996,"failureMessages":[],"meta":{},"tags":[]}],"startTime":1781041640876,"endTime":1781041644371.7346,"status":"failed","message":"","name":"/Users/brussell/Downloads/Code/Cultural Archeologist/cultural-archaeologist-azure-claude-fixed/src/App.test.tsx"},{"assertionResults":[{"ancestorTitles":["RootRouter"],"fullName":"RootRouter mounts only the app root when root view is not brand navigator","status":"passed","title":"mounts only the app root when root view is not brand navigator","duration":25.582415999999967,"failureMessages":[],"meta":{},"tags":[]}],"startTime":1781041647782,"endTime":1781041647807.5825,"status":"passed","message":"","name":"/Users/brussell/Downloads/Code/Cultural Archeologist/cultural-archaeologist-azure-claude-fixed/src/main.test.tsx"},{"assertionResults":[{"ancestorTitles":["Accordion"],"fullName":"Accordion opens only the first section by default","status":"passed","title":"opens only the first section by default","duration":912.5467500000002,"failureMessages":[],"meta":{},"tags":[]},{"ancestorTitles":["Accordion"],"fullName":"Accordion toggles sections and keeps only one open at a time","status":"passed","title":"toggles sections and keeps only one open at a time","duration":199.3717499999998,"failureMessages":[],"meta":{},"tags":[]}],"startTime":1781041641701,"endTime":1781041642813.3718,"status":"passed","message":"","name":"/Users/brussell/Downloads/Code/Cultural Archeologist/cultural-archaeologist-azure-claude-fixed/src/components/Accordion.test.tsx"},{"assertionResults":[{"ancestorTitles":["AdminPage"],"fullName":"AdminPage defaults report type to Cultural Archaeologist","status":"passed","title":"defaults report type to Cultural Archaeologist","duration":91.74337500000001,"failureMessages":[],"meta":{},"tags":[]},{"ancestorTitles":["AdminPage"],"fullName":"AdminPage keeps the pasted JSON option collapsed by default and expands on toggle","status":"passed","title":"keeps the pasted JSON option collapsed by default and expands on toggle","duration":33.93437500000027,"failureMessages":[],"meta":{},"tags":[]},{"ancestorTitles":["AdminPage"],"fullName":"AdminPage loads project dropdown options and renders report preview by id","status":"passed","title":"loads project dropdown options and renders report preview by id","duration":153.24224999999979,"failureMessages":[],"meta":{},"tags":[]},{"ancestorTitles":["AdminPage"],"fullName":"AdminPage keeps load-by-row-id panel collapsed by default and expands on toggle","status":"passed","title":"keeps load-by-row-id panel collapsed by default and expands on toggle","duration":45.00808400000005,"failureMessages":[],"meta":{},"tags":[]},{"ancestorTitles":["AdminPage"],"fullName":"AdminPage filters project dropdown options from project search input","status":"passed","title":"filters project dropdown options from project search input","duration":83.13258399999995,"failureMessages":[],"meta":{},"tags":[]},{"ancestorTitles":["AdminPage"],"fullName":"AdminPage renders pasted JSON rows directly into report preview","status":"passed","title":"renders pasted JSON rows directly into report preview","duration":104.53379200000018,"failureMessages":[],"meta":{},"tags":[]},{"ancestorTitles":["AdminPage"],"fullName":"AdminPage shows PDF and PPTX export buttons when a valid preview is loaded","status":"passed","title":"shows PDF and PPTX export buttons when a valid preview is loaded","duration":64.89812500000016,"failureMessages":[],"meta":{},"tags":[]},{"ancestorTitles":["AdminPage"],"fullName":"AdminPage surfaces export failure details instead of generic validation copy","status":"passed","title":"surfaces export failure details instead of generic validation copy","duration":88.92695900000035,"failureMessages":[],"meta":{},"tags":[]},{"ancestorTitles":["AdminPage"],"fullName":"AdminPage uses themed brand atlas exporter so admin downloads match public export styling","status":"passed","title":"uses themed brand atlas exporter so admin downloads match public export styling","duration":108.67345800000021,"failureMessages":[],"meta":{},"tags":[]},{"ancestorTitles":["AdminPage"],"fullName":"AdminPage includes full cultural deep-dive copy in exports without truncating long insight details","status":"passed","title":"includes full cultural deep-dive copy in exports without truncating long insight details","duration":87.92220899999984,"failureMessages":[],"meta":{},"tags":[]},{"ancestorTitles":["AdminPage"],"fullName":"AdminPage renders cultural observation deep dives when they exist in the row payload","status":"passed","title":"renders cultural observation deep dives when they exist in the row payload","duration":77.04091699999981,"failureMessages":[],"meta":{},"tags":[]},{"ancestorTitles":["AdminPage"],"fullName":"AdminPage renders nested legacy cultural payloads from results.matrix","status":"passed","title":"renders nested legacy cultural payloads from results.matrix","duration":98.98458400000027,"failureMessages":[],"meta":{},"tags":[]}],"startTime":1781041640037,"endTime":1781041641075.9846,"status":"passed","message":"","name":"/Users/brussell/Downloads/Code/Cultural Archeologist/cultural-archaeologist-azure-claude-fixed/src/components/AdminPage.test.tsx"},{"assertionResults":[{"ancestorTitles":["BrandNavigator"],"fullName":"BrandNavigator uses brand chips and supports enter/comma/backspace/remove interactions","status":"passed","title":"uses brand chips and supports enter/comma/backspace/remove interactions","duration":713.9762500000002,"failureMessages":[],"meta":{},"tags":[]},{"ancestorTitles":["BrandNavigator"],"fullName":"BrandNavigator resolves homepage website in the background and exposes it on chip hover metadata","status":"passed","title":"resolves homepage website in the background and exposes it on chip hover metadata","duration":1102.467583,"failureMessages":[],"meta":{},"tags":[]},{"ancestorTitles":["BrandNavigator"],"fullName":"BrandNavigator allows long brand chips to wrap so full names remain visible","status":"passed","title":"allows long brand chips to wrap so full names remain visible","duration":435.3075829999998,"failureMessages":[],"meta":{},"tags":[]},{"ancestorTitles":["BrandNavigator"],"fullName":"BrandNavigator shows brand dropdown guidance on first character typed","status":"passed","title":"shows brand dropdown guidance on first character typed","duration":176.39879199999996,"failureMessages":[],"meta":{},"tags":[]},{"ancestorTitles":["BrandNavigator"],"fullName":"BrandNavigator opens generation, sources, and upload hover explainers on field hover","status":"passed","title":"opens generation, sources, and upload hover explainers on field hover","duration":147.00862499999948,"failureMessages":[],"meta":{},"tags":[]},{"ancestorTitles":["BrandNavigator"],"fullName":"BrandNavigator renders helper guidance text for audience, brands/category, and topic inputs","status":"passed","title":"renders helper guidance text for audience, brands/category, and topic inputs","duration":50.071375000000444,"failureMessages":[],"meta":{},"tags":[]},{"ancestorTitles":["BrandNavigator"],"fullName":"BrandNavigator renders mobile helper guidance rows for generation, sources, and upload fields","status":"passed","title":"renders mobile helper guidance rows for generation, sources, and upload fields","duration":59.05387500000052,"failureMessages":[],"meta":{},"tags":[]},{"ancestorTitles":["BrandNavigator"],"fullName":"BrandNavigator suppresses field hover explainers on mobile so inline guidance is the only tooltip source","status":"passed","title":"suppresses field hover explainers on mobile so inline guidance is the only tooltip source","duration":55.72283299999981,"failureMessages":[],"meta":{},"tags":[]},{"ancestorTitles":["BrandNavigator"],"fullName":"BrandNavigator opens audience and topic guidance tooltips and closes with escape or outside click","status":"passed","title":"opens audience and topic guidance tooltips and closes with escape or outside click","duration":116.30041699999947,"failureMessages":[],"meta":{},"tags":[]},{"ancestorTitles":["BrandNavigator"],"fullName":"BrandNavigator falls back to local suggestions when API suggestions are empty","status":"passed","title":"falls back to local suggestions when API suggestions are empty","duration":132.55025000000023,"failureMessages":[],"meta":{},"tags":[]},{"ancestorTitles":["BrandNavigator"],"fullName":"BrandNavigator requires only brands for generate and treats audience as optional","status":"passed","title":"requires only brands for generate and treats audience as optional","duration":492.71958300000006,"failureMessages":[],"meta":{},"tags":[]},{"ancestorTitles":["BrandNavigator"],"fullName":"BrandNavigator shows per-section refresh for incomplete results and runs a fresh search when clicked","status":"passed","title":"shows per-section refresh for incomplete results and runs a fresh search when clicked","duration":472.9957919999997,"failureMessages":[],"meta":{},"tags":[]},{"ancestorTitles":["BrandNavigator"],"fullName":"BrandNavigator renders mobile results navigation for all brand result components","status":"passed","title":"renders mobile results navigation for all brand result components","duration":394.09070900000006,"failureMessages":[],"meta":{},"tags":[]},{"ancestorTitles":["BrandNavigator"],"fullName":"BrandNavigator renders a Show thinking dropdown for brand results that is closed by default","status":"passed","title":"renders a Show thinking dropdown for brand results that is closed by default","duration":327.1444590000001,"failureMessages":[],"meta":{},"tags":[]},{"ancestorTitles":["BrandNavigator"],"fullName":"BrandNavigator opens research experience immediately when hash route targets brand navigator","status":"passed","title":"opens research experience immediately when hash route targets brand navigator","duration":105.3413329999994,"failureMessages":[],"meta":{},"tags":[]},{"ancestorTitles":["BrandNavigator"],"fullName":"BrandNavigator uses a mobile hamburger for navigation links and keeps desktop top links at sm+","status":"passed","title":"uses a mobile hamburger for navigation links and keeps desktop top links at sm+","duration":144.24854099999993,"failureMessages":[],"meta":{},"tags":[]},{"ancestorTitles":["BrandNavigator"],"fullName":"BrandNavigator renders mobile New Search as an icon button to the right of generate analysis","status":"passed","title":"renders mobile New Search as an icon button to the right of generate analysis","duration":321.624499999999,"failureMessages":[],"meta":{},"tags":[]},{"ancestorTitles":["BrandNavigator"],"fullName":"BrandNavigator left aligns text in the brand, audience, and topic inputs","status":"passed","title":"left aligns text in the brand, audience, and topic inputs","duration":105.64708400000018,"failureMessages":[],"meta":{},"tags":[]},{"ancestorTitles":["BrandNavigator"],"fullName":"BrandNavigator vertically centers brand input when empty and keeps chip layout when populated","status":"passed","title":"vertically centers brand input when empty and keeps chip layout when populated","duration":112.78283399999964,"failureMessages":[],"meta":{},"tags":[]},{"ancestorTitles":["BrandNavigator"],"fullName":"BrandNavigator renders high-level summary for each brand result","status":"passed","title":"renders high-level summary for each brand result","duration":344.08020899999974,"failureMessages":[],"meta":{},"tags":[]},{"ancestorTitles":["BrandNavigator"],"fullName":"BrandNavigator renders a Potential Challenges section and removes overlap with other result sections","status":"passed","title":"renders a Potential Challenges section and removes overlap with other result sections","duration":340.61554199999955,"failureMessages":[],"meta":{},"tags":[]},{"ancestorTitles":["BrandNavigator"],"fullName":"BrandNavigator prioritizes brand/marketing/customer challenges and places a business-macro challenge at the bottom","status":"passed","title":"prioritizes brand/marketing/customer challenges and places a business-macro challenge at the bottom","duration":446.3717090000009,"failureMessages":[],"meta":{},"tags":[]},{"ancestorTitles":["BrandNavigator"],"fullName":"BrandNavigator adds an inferred business-macro challenge at the bottom when no macro item is provided","status":"passed","title":"adds an inferred business-macro challenge at the bottom when no macro item is provided","duration":409.4542079999992,"failureMessages":[],"meta":{},"tags":[]},{"ancestorTitles":["BrandNavigator"],"fullName":"BrandNavigator shows Analyze Visual Identity, prefills brands, and opens Design Excavator in a new top-level tab","status":"passed","title":"shows Analyze Visual Identity, prefills brands, and opens Design Excavator in a new top-level tab","duration":603.7427500000013,"failureMessages":[],"meta":{},"tags":[]},{"ancestorTitles":["BrandNavigator"],"fullName":"BrandNavigator keeps the current Brand Navigator tab unchanged when popup is blocked","status":"passed","title":"keeps the current Brand Navigator tab unchanged when popup is blocked","duration":438.5697909999999,"failureMessages":[],"meta":{},"tags":[]},{"ancestorTitles":["BrandNavigator"],"fullName":"BrandNavigator renders inferred labels as Cultural Archaeologist-style chips in brand audience fields","status":"passed","title":"renders inferred labels as Cultural Archaeologist-style chips in brand audience fields","duration":348.32574999999997,"failureMessages":[],"meta":{},"tags":[]},{"ancestorTitles":["BrandNavigator"],"fullName":"BrandNavigator converts inferred markers in summary and mission text into chips, including malformed bracket markers","status":"passed","title":"converts inferred markers in summary and mission text into chips, including malformed bracket markers","duration":281.949290999999,"failureMessages":[],"meta":{},"tags":[]},{"ancestorTitles":["BrandNavigator"],"fullName":"BrandNavigator renders inferred chips as hyperlinks to evidence sources when available","status":"passed","title":"renders inferred chips as hyperlinks to evidence sources when available","duration":258.4485000000004,"failureMessages":[],"meta":{},"tags":[]},{"ancestorTitles":["BrandNavigator"],"fullName":"BrandNavigator renders recent news headlines as external article links, ordered most recent first, with dates","status":"passed","title":"renders recent news headlines as external article links, ordered most recent first, with dates","duration":493.5830419999984,"failureMessages":[],"meta":{},"tags":[]},{"ancestorTitles":["BrandNavigator"],"fullName":"BrandNavigator supports show-all-items behavior for long brand result lists","status":"passed","title":"supports show-all-items behavior for long brand result lists","duration":600.5864579999998,"failureMessages":[],"meta":{},"tags":[]},{"ancestorTitles":["BrandNavigator"],"fullName":"BrandNavigator keeps valid mainstream recent news links even when publishedAt is missing","status":"passed","title":"keeps valid mainstream recent news links even when publishedAt is missing","duration":324.3257079999985,"failureMessages":[],"meta":{},"tags":[]},{"ancestorTitles":["BrandNavigator"],"fullName":"BrandNavigator includes valid non-top-list news outlets when they have article coverage","status":"passed","title":"includes valid non-top-list news outlets when they have article coverage","duration":230.44537499999933,"failureMessages":[],"meta":{},"tags":[]},{"ancestorTitles":["BrandNavigator"],"fullName":"BrandNavigator filters out social media links that do not match the declared channel","status":"passed","title":"filters out social media links that do not match the declared channel","duration":149.3558750000011,"failureMessages":[],"meta":{},"tags":[]},{"ancestorTitles":["BrandNavigator"],"fullName":"BrandNavigator filters out social media links that point to homepages or non-brand pages","status":"passed","title":"filters out social media links that point to homepages or non-brand pages","duration":103.08812500000022,"failureMessages":[],"meta":{},"tags":[]},{"ancestorTitles":["BrandNavigator"],"fullName":"BrandNavigator does not use generic sources as recent news headlines","status":"passed","title":"does not use generic sources as recent news headlines","duration":91.99212499999885,"failureMessages":[],"meta":{},"tags":[]},{"ancestorTitles":["BrandNavigator"],"fullName":"BrandNavigator filters invalid sources so Sources & Research only renders external URLs","status":"passed","title":"filters invalid sources so Sources & Research only renders external URLs","duration":134.39100000000144,"failureMessages":[],"meta":{},"tags":[]},{"ancestorTitles":["BrandNavigator"],"fullName":"BrandNavigator renders a brand logo to the left of brand copy in result cards using website-derived logo candidates","status":"passed","title":"renders a brand logo to the left of brand copy in result cards using website-derived logo candidates","duration":142.95570899999984,"failureMessages":[],"meta":{},"tags":[]},{"ancestorTitles":["BrandNavigator"],"fullName":"BrandNavigator falls back to initials placeholder when logo candidates are exhausted","status":"passed","title":"falls back to initials placeholder when logo candidates are exhausted","duration":153.19366699999955,"failureMessages":[],"meta":{},"tags":[]},{"ancestorTitles":["BrandNavigator"],"fullName":"BrandNavigator does not display social media links in recent news","status":"passed","title":"does not display social media links in recent news","duration":130.27804099999958,"failureMessages":[],"meta":{},"tags":[]},{"ancestorTitles":["BrandNavigator"],"fullName":"BrandNavigator supports Brand Navigator follow-up AI search and highlights grounded sections","status":"passed","title":"supports Brand Navigator follow-up AI search and highlights grounded sections","duration":119.34004099999947,"failureMessages":[],"meta":{},"tags":[]},{"ancestorTitles":["BrandNavigator"],"fullName":"BrandNavigator saves Brand Navigator results to the Brand_Navigator table with a custom_name","status":"passed","title":"saves Brand Navigator results to the Brand_Navigator table with a custom_name","duration":90.77887499999997,"failureMessages":[],"meta":{},"tags":[]},{"ancestorTitles":["BrandNavigator"],"fullName":"BrandNavigator shows compare-across-brands option when clicking a result section and more than one brand is analyzed","status":"passed","title":"shows compare-across-brands option when clicking a result section and more than one brand is analyzed","duration":287.86795899999925,"failureMessages":[],"meta":{},"tags":[]},{"ancestorTitles":["BrandNavigator"],"fullName":"BrandNavigator scrolls to compare panel when compare across brands is selected","status":"passed","title":"scrolls to compare panel when compare across brands is selected","duration":286.48712499999965,"failureMessages":[],"meta":{},"tags":[]},{"ancestorTitles":["BrandNavigator"],"fullName":"BrandNavigator does not show compare-across-brands option when only one brand is analyzed","status":"passed","title":"does not show compare-across-brands option when only one brand is analyzed","duration":195.94583299999977,"failureMessages":[],"meta":{},"tags":[]}],"startTime":1781041640467,"endTime":1781041652939.9458,"status":"passed","message":"","name":"/Users/brussell/Downloads/Code/Cultural Archeologist/cultural-archaeologist-azure-claude-fixed/src/components/BrandNavigator.test.tsx"},{"assertionResults":[{"ancestorTitles":["CulturalArchaeologist"],"fullName":"CulturalArchaeologist gates admin route behind password popout and unlocks admin console with correct password","status":"passed","title":"gates admin route behind password popout and unlocks admin console with correct password","duration":476.52487500000007,"failureMessages":[],"meta":{},"tags":[]},{"ancestorTitles":["CulturalArchaeologist"],"fullName":"CulturalArchaeologist shows rerun button only when at least one result filter is selected","status":"passed","title":"shows rerun button only when at least one result filter is selected","duration":2897.6296250000005,"failureMessages":[],"meta":{},"tags":[]},{"ancestorTitles":["CulturalArchaeologist"],"fullName":"CulturalArchaeologist shows results filter explainer copy in the heading tooltip and hides the how filtering link","status":"passed","title":"shows results filter explainer copy in the heading tooltip and hides the how filtering link","duration":522.1818330000006,"failureMessages":[],"meta":{},"tags":[]},{"ancestorTitles":["CulturalArchaeologist"],"fullName":"CulturalArchaeologist opens segmentation in a new browser tab and persists workspace context","status":"passed","title":"opens segmentation in a new browser tab and persists workspace context","duration":1025.7381669999995,"failureMessages":[],"meta":{},"tags":[]},{"ancestorTitles":["CulturalArchaeologist"],"fullName":"CulturalArchaeologist opens segmentation in a new browser tab when localStorage quota is exceeded by using in-memory fallback","status":"passed","title":"opens segmentation in a new browser tab when localStorage quota is exceeded by using in-memory fallback","duration":518.1941660000011,"failureMessages":[],"meta":{},"tags":[]},{"ancestorTitles":["CulturalArchaeologist"],"fullName":"CulturalArchaeologist hydrates segmentation workspace from opener memory fallback when localStorage snapshot is unavailable","status":"passed","title":"hydrates segmentation workspace from opener memory fallback when localStorage snapshot is unavailable","duration":148.38437499999964,"failureMessages":[],"meta":{},"tags":[]},{"ancestorTitles":["CulturalArchaeologist"],"fullName":"CulturalArchaeologist renders KNOWN/INFERRED/SPECULATIVE markers as evidence chips in workspace segmentation tab","status":"passed","title":"renders KNOWN/INFERRED/SPECULATIVE markers as evidence chips in workspace segmentation tab","duration":301.89945799999987,"failureMessages":[],"meta":{},"tags":[]},{"ancestorTitles":["CulturalArchaeologist"],"fullName":"CulturalArchaeologist reruns segmentation with current selected filters in workspace segmentation tab","status":"passed","title":"reruns segmentation with current selected filters in workspace segmentation tab","duration":675.9772499999999,"failureMessages":[],"meta":{},"tags":[]},{"ancestorTitles":["CulturalArchaeologist"],"fullName":"CulturalArchaeologist lets users set a target segment count and caps it at 6 before rerunning segmentation","status":"passed","title":"lets users set a target segment count and caps it at 6 before rerunning segmentation","duration":504.8001669999994,"failureMessages":[],"meta":{},"tags":[]},{"ancestorTitles":["CulturalArchaeologist"],"fullName":"CulturalArchaeologist applies custom per-segment information and updates segmentation with those instructions","status":"passed","title":"applies custom per-segment information and updates segmentation with those instructions","duration":456.6084170000013,"failureMessages":[],"meta":{},"tags":[]},{"ancestorTitles":["CulturalArchaeologist"],"fullName":"CulturalArchaeologist uses Ask the Archaeologist prompt to refine segmentation when segmentation tab is active","status":"passed","title":"uses Ask the Archaeologist prompt to refine segmentation when segmentation tab is active","duration":519.019875,"failureMessages":[],"meta":{},"tags":[]},{"ancestorTitles":["CulturalArchaeologist"],"fullName":"CulturalArchaeologist opens a rerun-in-segment tab with segment audience prefilled from a segmentation card","status":"passed","title":"opens a rerun-in-segment tab with segment audience prefilled from a segmentation card","duration":239.5522920000003,"failureMessages":[],"meta":{},"tags":[]},{"ancestorTitles":["CulturalArchaeologist"],"fullName":"CulturalArchaeologist shows an Original Segments anchor after Ask refinement and restores the original segmentation when clicked","status":"passed","title":"shows an Original Segments anchor after Ask refinement and restores the original segmentation when clicked","duration":492.83058300000084,"failureMessages":[],"meta":{},"tags":[]},{"ancestorTitles":["CulturalArchaeologist"],"fullName":"CulturalArchaeologist auto-scrolls to the segmentation workspace when a workspace tab opens","status":"passed","title":"auto-scrolls to the segmentation workspace when a workspace tab opens","duration":163.32187499999964,"failureMessages":[],"meta":{},"tags":[]},{"ancestorTitles":["CulturalArchaeologist"],"fullName":"CulturalArchaeologist filters results to only highly unique observations when the highly unique filter is selected","status":"failed","title":"filters results to only highly unique observations when the highly unique filter is selected","duration":580.2422910000005,"failureMessages":["Error: expect(element).not.toBeInTheDocument()\n\nexpected document not to contain element, found <span\n  class=\"flex-1 pr-8 \"\n>\n  General signal\n  <span\n    class=\"inline-block ml-2 px-1.5 py-0.5 text-[10px] uppercase tracking-wider font-semibold rounded align-middle bg-emerald-50 text-emerald-700 border border-emerald-200\"\n  >\n    known\n  </span>\n  <span\n    class=\"inline-block ml-2 px-1.5 py-0.5 text-[10px] uppercase tracking-wider font-semibold rounded align-middle bg-emerald-50 text-emerald-700 border border-emerald-200\"\n  >\n    high\n     confidence\n  </span>\n  <span\n    class=\"inline-block ml-2 align-middle\"\n  />\n  <span\n    class=\"inline-block ml-2 px-1.5 py-0.5 bg-zinc-100 text-zinc-500 text-[10px] uppercase tracking-wider font-semibold rounded border border-zinc-200 align-middle\"\n  >\n    Mainstream\n  </span>\n</span> instead\n    at Proxy.__VITEST_EXTEND_ASSERTION__ (file:///Users/brussell/Downloads/Code/Cultural%20Archeologist/cultural-archaeologist-azure-claude-fixed/node_modules/@vitest/expect/dist/index.js:1888:12)\n    at Proxy.<anonymous> (file:///Users/brussell/Downloads/Code/Cultural%20Archeologist/cultural-archaeologist-azure-claude-fixed/node_modules/@vitest/expect/dist/index.js:1156:15)\n    at Proxy.methodWrapper (file:///Users/brussell/Downloads/Code/Cultural%20Archeologist/cultural-archaeologist-azure-claude-fixed/node_modules/chai/index.js:1700:25)\n    at /Users/brussell/Downloads/Code/Cultural Archeologist/cultural-archaeologist-azure-claude-fixed/src/components/CulturalArchaeologist.test.tsx:770:54\n    at runNextTicks (node:internal/process/task_queues:65:5)\n    at processTimers (node:internal/timers:538:9)\n    at file:///Users/brussell/Downloads/Code/Cultural%20Archeologist/cultural-archaeologist-azure-claude-fixed/node_modules/@vitest/runner/dist/chunk-artifact.js:1903:20"],"meta":{},"tags":[]},{"ancestorTitles":["CulturalArchaeologist"],"fullName":"CulturalArchaeologist shows per-section refresh for incomplete results and reruns a fresh search when clicked","status":"passed","title":"shows per-section refresh for incomplete results and reruns a fresh search when clicked","duration":401.16925000000083,"failureMessages":[],"meta":{},"tags":[]},{"ancestorTitles":["CulturalArchaeologist"],"fullName":"CulturalArchaeologist persists deep dives back into Supabase results JSONB after background generation completes","status":"passed","title":"persists deep dives back into Supabase results JSONB after background generation completes","duration":274.3867500000015,"failureMessages":[],"meta":{},"tags":[]},{"ancestorTitles":["CulturalArchaeologist"],"fullName":"CulturalArchaeologist renders mobile results navigation for all cultural result sections","status":"passed","title":"renders mobile results navigation for all cultural result sections","duration":243.72729099999924,"failureMessages":[],"meta":{},"tags":[]},{"ancestorTitles":["CulturalArchaeologist"],"fullName":"CulturalArchaeologist renders a Show thinking dropdown for cultural results that is closed by default","status":"passed","title":"renders a Show thinking dropdown for cultural results that is closed by default","duration":135.242166,"failureMessages":[],"meta":{},"tags":[]},{"ancestorTitles":["CulturalArchaeologist"],"fullName":"CulturalArchaeologist uses a mobile hamburger for navigation links and keeps desktop top links at sm+","status":"passed","title":"uses a mobile hamburger for navigation links and keeps desktop top links at sm+","duration":95.85199999999895,"failureMessages":[],"meta":{},"tags":[]},{"ancestorTitles":["CulturalArchaeologist"],"fullName":"CulturalArchaeologist renders mobile New Search as an icon button to the right of generate insights","status":"passed","title":"renders mobile New Search as an icon button to the right of generate insights","duration":57.76487499999894,"failureMessages":[],"meta":{},"tags":[]},{"ancestorTitles":["CulturalArchaeologist"],"fullName":"CulturalArchaeologist reruns analysis with active filter constraints while keeping current filter behavior","status":"passed","title":"reruns analysis with active filter constraints while keeping current filter behavior","duration":845.809792,"failureMessages":[],"meta":{},"tags":[]},{"ancestorTitles":["CulturalArchaeologist"],"fullName":"CulturalArchaeologist renders demographic cards from known and inferred values","status":"passed","title":"renders demographic cards from known and inferred values","duration":169.3266249999997,"failureMessages":[],"meta":{},"tags":[]},{"ancestorTitles":["CulturalArchaeologist"],"fullName":"CulturalArchaeologist shows demographic fallback copy when fields are null","status":"passed","title":"shows demographic fallback copy when fields are null","duration":120.7007080000003,"failureMessages":[],"meta":{},"tags":[]},{"ancestorTitles":["CulturalArchaeologist"],"fullName":"CulturalArchaeologist preserves existing demographics when rerun returns blanks","status":"passed","title":"preserves existing demographics when rerun returns blanks","duration":714.3530410000003,"failureMessages":[],"meta":{},"tags":[]},{"ancestorTitles":["CulturalArchaeologist"],"fullName":"CulturalArchaeologist uses dynamic masonry-style layout for matrix cards so expanded cards can reflow without row gaps","status":"failed","title":"uses dynamic masonry-style layout for matrix cards so expanded cards can reflow without row gaps","duration":119.51295800000116,"failureMessages":["AssertionError: expected 'grid grid-cols-1 md:grid-cols-2 lg:gr…' to contain 'columns-1'\n    at /Users/brussell/Downloads/Code/Cultural Archeologist/cultural-archaeologist-azure-claude-fixed/src/components/CulturalArchaeologist.test.tsx:1088:30\n    at runNextTicks (node:internal/process/task_queues:65:5)\n    at processTimers (node:internal/timers:538:9)\n    at file:///Users/brussell/Downloads/Code/Cultural%20Archeologist/cultural-archaeologist-azure-claude-fixed/node_modules/@vitest/runner/dist/chunk-artifact.js:1903:20"],"meta":{},"tags":[]},{"ancestorTitles":["CulturalArchaeologist"],"fullName":"CulturalArchaeologist uses a wrapping brand chip input shell like Brand Navigator","status":"passed","title":"uses a wrapping brand chip input shell like Brand Navigator","duration":12.509165999999823,"failureMessages":[],"meta":{},"tags":[]},{"ancestorTitles":["CulturalArchaeologist"],"fullName":"CulturalArchaeologist vertically centers audience, brand, and topic field text in empty state","status":"passed","title":"vertically centers audience, brand, and topic field text in empty state","duration":13.696666000001642,"failureMessages":[],"meta":{},"tags":[]},{"ancestorTitles":["CulturalArchaeologist"],"fullName":"CulturalArchaeologist keeps all primary field boxes at the same base height","status":"passed","title":"keeps all primary field boxes at the same base height","duration":12.982916999999361,"failureMessages":[],"meta":{},"tags":[]},{"ancestorTitles":["CulturalArchaeologist"],"fullName":"CulturalArchaeologist vertically centers generation, sources, and upload control text","status":"passed","title":"vertically centers generation, sources, and upload control text","duration":13.187792000000627,"failureMessages":[],"meta":{},"tags":[]},{"ancestorTitles":["CulturalArchaeologist"],"fullName":"CulturalArchaeologist renders helper guidance text for audience, brands/category, and topic inputs","status":"passed","title":"renders helper guidance text for audience, brands/category, and topic inputs","duration":21.61700000000019,"failureMessages":[],"meta":{},"tags":[]},{"ancestorTitles":["CulturalArchaeologist"],"fullName":"CulturalArchaeologist renders mobile helper guidance rows for generation, sources, and upload fields","status":"passed","title":"renders mobile helper guidance rows for generation, sources, and upload fields","duration":13.310749999998734,"failureMessages":[],"meta":{},"tags":[]},{"ancestorTitles":["CulturalArchaeologist"],"fullName":"CulturalArchaeologist suppresses field hover explainers on mobile so inline guidance is the only tooltip source","status":"passed","title":"suppresses field hover explainers on mobile so inline guidance is the only tooltip source","duration":14.13287499999933,"failureMessages":[],"meta":{},"tags":[]},{"ancestorTitles":["CulturalArchaeologist"],"fullName":"CulturalArchaeologist opens guidance tooltips and closes with escape or outside click","status":"failed","title":"opens guidance tooltips and closes with escape or outside click","duration":13.516083000000435,"failureMessages":["Error: expect(element).toHaveTextContent()\n\nExpected element to have text content:\n  The more specific the audience, the most specific the results. Examples: Gen Z women, AI tech professionals, Homebuyers.\nReceived:\n  The more specific your audience, the more specific your results. Examples: Gen Z women, AI tech professionals, Homebuyers.\n    at Proxy.__VITEST_EXTEND_ASSERTION__ (file:///Users/brussell/Downloads/Code/Cultural%20Archeologist/cultural-archaeologist-azure-claude-fixed/node_modules/@vitest/expect/dist/index.js:1888:12)\n    at Proxy.<anonymous> (file:///Users/brussell/Downloads/Code/Cultural%20Archeologist/cultural-archaeologist-azure-claude-fixed/node_modules/@vitest/expect/dist/index.js:1156:15)\n    at Proxy.methodWrapper (file:///Users/brussell/Downloads/Code/Cultural%20Archeologist/cultural-archaeologist-azure-claude-fixed/node_modules/chai/index.js:1700:25)\n    at /Users/brussell/Downloads/Code/Cultural Archeologist/cultural-archaeologist-azure-claude-fixed/src/components/CulturalArchaeologist.test.tsx:1247:37\n    at file:///Users/brussell/Downloads/Code/Cultural%20Archeologist/cultural-archaeologist-azure-claude-fixed/node_modules/@vitest/runner/dist/chunk-artifact.js:302:11\n    at file:///Users/brussell/Downloads/Code/Cultural%20Archeologist/cultural-archaeologist-azure-claude-fixed/node_modules/@vitest/runner/dist/chunk-artifact.js:1903:26\n    at file:///Users/brussell/Downloads/Code/Cultural%20Archeologist/cultural-archaeologist-azure-claude-fixed/node_modules/@vitest/runner/dist/chunk-artifact.js:2326:20\n    at new Promise (<anonymous>)\n    at runWithCancel (file:///Users/brussell/Downloads/Code/Cultural%20Archeologist/cultural-archaeologist-azure-claude-fixed/node_modules/@vitest/runner/dist/chunk-artifact.js:2323:10)\n    at file:///Users/brussell/Downloads/Code/Cultural%20Archeologist/cultural-archaeologist-azure-claude-fixed/node_modules/@vitest/runner/dist/chunk-artifact.js:2305:20"],"meta":{},"tags":[]},{"ancestorTitles":["CulturalArchaeologist"],"fullName":"CulturalArchaeologist keeps brand chip entry and topic input behavior working with guidance UI","status":"passed","title":"keeps brand chip entry and topic input behavior working with guidance UI","duration":25.853958000001512,"failureMessages":[],"meta":{},"tags":[]},{"ancestorTitles":["CulturalArchaeologist"],"fullName":"CulturalArchaeologist uses the same show-all button text/icon size and color as Brand Navigator","status":"passed","title":"uses the same show-all button text/icon size and color as Brand Navigator","duration":118.71537499999977,"failureMessages":[],"meta":{},"tags":[]},{"ancestorTitles":["CulturalArchaeologist"],"fullName":"CulturalArchaeologist keeps demographics visible when result filters narrow or remove visible insights","status":"passed","title":"keeps demographics visible when result filters narrow or remove visible insights","duration":164.91308299999946,"failureMessages":[],"meta":{},"tags":[]},{"ancestorTitles":["CulturalArchaeologist"],"fullName":"CulturalArchaeologist renders evidence type chips in deep-dive strategic implications","status":"passed","title":"renders evidence type chips in deep-dive strategic implications","duration":232.97033399999964,"failureMessages":[],"meta":{},"tags":[]},{"ancestorTitles":["CulturalArchaeologist"],"fullName":"CulturalArchaeologist attaches ask-answer evidence chips to the specific sentence they belong to","status":"passed","title":"attaches ask-answer evidence chips to the specific sentence they belong to","duration":360.9339169999985,"failureMessages":[],"meta":{},"tags":[]},{"ancestorTitles":["CulturalArchaeologist"],"fullName":"CulturalArchaeologist does not show methodology comparison launchers in the research view navigation","status":"passed","title":"does not show methodology comparison launchers in the research view navigation","duration":27.129417000000103,"failureMessages":[],"meta":{},"tags":[]}],"startTime":1781041640457,"endTime":1781041654204.1294,"status":"failed","message":"","name":"/Users/brussell/Downloads/Code/Cultural Archeologist/cultural-archaeologist-azure-claude-fixed/src/components/CulturalArchaeologist.test.tsx"},{"assertionResults":[{"ancestorTitles":["BrandDeepDivePage"],"fullName":"BrandDeepDivePage includes telemetry fields when saving generated reports to brandexcavator","status":"passed","title":"includes telemetry fields when saving generated reports to brandexcavator","duration":306.1364590000003,"failureMessages":[],"meta":{},"tags":[]},{"ancestorTitles":["BrandDeepDivePage"],"fullName":"BrandDeepDivePage prefills brand names from Design Excavator prefill storage payload","status":"passed","title":"prefills brand names from Design Excavator prefill storage payload","duration":64.09679199999982,"failureMessages":[],"meta":{},"tags":[]},{"ancestorTitles":["BrandDeepDivePage"],"fullName":"BrandDeepDivePage removes the Scan & Fix button and routes corrective prompts through Ask","status":"failed","title":"removes the Scan & Fix button and routes corrective prompts through Ask","duration":1459.6487080000002,"failureMessages":["Error: Unable to find an element with the text: /Ask About This Analysis/i. This could be because the text is broken up by multiple elements. In this case, you can provide a function for your text matcher to make your matcher more flexible.\n\nIgnored nodes: comments, script, style\n\u001b[36m<body>\u001b[39m\n  \u001b[36m<div>\u001b[39m\n    \u001b[36m<div\u001b[39m\n      \u001b[33mclass\u001b[39m=\u001b[32m\"w-full\"\u001b[39m\n    \u001b[36m>\u001b[39m\n      \u001b[36m<div\u001b[39m\n        \u001b[33mclass\u001b[39m=\u001b[32m\"fixed top-0 left-0 right-0 z-[60] no-print border-b border-zinc-200/80 bg-white/92 backdrop-blur-sm transition-transform duration-200 sm:hidden translate-y-0\"\u001b[39m\n        \u001b[33mdata-testid\u001b[39m=\u001b[32m\"mobile-top-bar\"\u001b[39m\n      \u001b[36m>\u001b[39m\n        \u001b[36m<div\u001b[39m\n          \u001b[33mclass\u001b[39m=\u001b[32m\"mx-auto flex h-14 max-w-6xl items-center gap-3 px-4\"\u001b[39m\n        \u001b[36m>\u001b[39m\n          \u001b[36m<button\u001b[39m\n            \u001b[33maria-expanded\u001b[39m=\u001b[32m\"false\"\u001b[39m\n            \u001b[33maria-label\u001b[39m=\u001b[32m\"Open navigation menu\"\u001b[39m\n            \u001b[33mclass\u001b[39m=\u001b[32m\"inline-flex h-10 w-10 items-center justify-center rounded-xl border border-zinc-200 bg-white/90 text-zinc-700 shadow-sm backdrop-blur-sm focus:outline-none focus:ring-2 focus:ring-zinc-500/50\"\u001b[39m\n            \u001b[33mdata-testid\u001b[39m=\u001b[32m\"mobile-nav-trigger\"\u001b[39m\n            \u001b[33mtype\u001b[39m=\u001b[32m\"button\"\u001b[39m\n          \u001b[36m>\u001b[39m\n            \u001b[36m<svg\u001b[39m\n              \u001b[33maria-hidden\u001b[39m=\u001b[32m\"true\"\u001b[39m\n              \u001b[33mclass\u001b[39m=\u001b[32m\"lucide lucide-menu w-5 h-5\"\u001b[39m\n              \u001b[33mfill\u001b[39m=\u001b[32m\"none\"\u001b[39m\n              \u001b[33mheight\u001b[39m=\u001b[32m\"24\"\u001b[39m\n              \u001b[33mstroke\u001b[39m=\u001b[32m\"currentColor\"\u001b[39m\n              \u001b[33mstroke-linecap\u001b[39m=\u001b[32m\"round\"\u001b[39m\n              \u001b[33mstroke-linejoin\u001b[39m=\u001b[32m\"round\"\u001b[39m\n              \u001b[33mstroke-width\u001b[39m=\u001b[32m\"2\"\u001b[39m\n              \u001b[33mviewBox\u001b[39m=\u001b[32m\"0 0 24 24\"\u001b[39m\n              \u001b[33mwidth\u001b[39m=\u001b[32m\"24\"\u001b[39m\n              \u001b[33mxmlns\u001b[39m=\u001b[32m\"http://www.w3.org/2000/svg\"\u001b[39m\n            \u001b[36m>\u001b[39m\n              \u001b[36m<path\u001b[39m\n                \u001b[33md\u001b[39m=\u001b[32m\"M4 5h16\"\u001b[39m\n              \u001b[36m/>\u001b[39m\n              \u001b[36m<path\u001b[39m\n                \u001b[33md\u001b[39m=\u001b[32m\"M4 12h16\"\u001b[39m\n              \u001b[36m/>\u001b[39m\n              \u001b[36m<path\u001b[39m\n                \u001b[33md\u001b[39m=\u001b[32m\"M4 19h16\"\u001b[39m\n              \u001b[36m/>\u001b[39m\n            \u001b[36m</svg>\u001b[39m\n          \u001b[36m</button>\u001b[39m\n          \u001b[36m<div\u001b[39m\n            \u001b[33mclass\u001b[39m=\u001b[32m\"ml-auto inline-flex min-w-0 items-center justify-end gap-2\"\u001b[39m\n            \u001b[33mdata-testid\u001b[39m=\u001b[32m\"mobile-page-heading\"\u001b[39m\n          \u001b[36m>\u001b[39m\n            \u001b[36m<p\u001b[39m\n              \u001b[33mclass\u001b[39m=\u001b[32m\"truncate text-right text-sm font-semibold text-zinc-900\"\u001b[39m\n              \u001b[33mdata-testid\u001b[39m=\u001b[32m\"mobile-page-title\"\u001b[39m\n            \u001b[36m>\u001b[39m\n              \u001b[0mDesign Excavator\u001b[0m\n            \u001b[36m</p>\u001b[39m\n            \u001b[36m<div\u001b[39m\n              \u001b[33mclass\u001b[39m=\u001b[32m\"inline-flex h-8 w-8 items-center justify-center rounded-lg border border-zinc-200 bg-white text-indigo-600\"\u001b[39m\n              \u001b[33mdata-testid\u001b[39m=\u001b[32m\"mobile-page-icon\"\u001b[39m\n            \u001b[36m>\u001b[39m\n              \u001b[36m<svg\u001b[39m\n                \u001b[33maria-hidden\u001b[39m=\u001b[32m\"true\"\u001b[39m\n                \u001b[33mclass\u001b[39m=\u001b[32m\"lucide lucide-palette h-4 w-4\"\u001b[39m\n                \u001b[33mfill\u001b[39m=\u001b[32m\"none\"\u001b[39m\n                \u001b[33mheight\u001b[39m=\u001b[32m\"24\"\u001b[39m\n                \u001b[33mstroke\u001b[39m=\u001b[32m\"currentColor\"\u001b[39m\n                \u001b[33mstroke-linecap\u001b[39m=\u001b[32m\"round\"\u001b[39m\n                \u001b[33mstroke-linejoin\u001b[39m=\u001b[32m\"round\"\u001b[39m\n                \u001b[33mstroke-width\u001b[39m=\u001b[32m\"2\"\u001b[39m\n                \u001b[33mviewBox\u001b[39m=\u001b[32m\"0 0 24 24\"\u001b[39m\n                \u001b[33mwidth\u001b[39m=\u001b[32m\"24\"\u001b[39m\n                \u001b[33mxmlns\u001b[39m=\u001b[32m\"http://www.w3.org/2000/svg\"\u001b[39m\n              \u001b[36m>\u001b[39m\n                \u001b[36m<path\u001b[39m\n                  \u001b[33md\u001b[39m=\u001b[32m\"M12 22a1 1 0 0 1 0-20 10 9 0 0 1 10 9 5 5 0 0 1-5 5h-2.25a1.75 1.75 0 0 0-1.4 2.8l.3.4a1.75 1.75 0 0 1-1.4 2.8z\"\u001b[39m\n                \u001b[36m/>\u001b[39m\n                \u001b[36m<circle\u001b[39m\n                  \u001b[33mcx\u001b[39m=\u001b[32m\"13.5\"\u001b[39m\n                  \u001b[33mcy\u001b[39m=\u001b[32m\"6.5\"\u001b[39m\n                  \u001b[33mfill\u001b[39m=\u001b[32m\"currentColor\"\u001b[39m\n                  \u001b[33mr\u001b[39m=\u001b[32m\".5\"\u001b[39m\n                \u001b[36m/>\u001b[39m\n                \u001b[36m<circle\u001b[39m\n                  \u001b[33mcx\u001b[39m=\u001b[32m\"17.5\"\u001b[39m\n                  \u001b[33mcy\u001b[39m=\u001b[32m\"10.5\"\u001b[39m\n                  \u001b[33mfill\u001b[39m=\u001b[32m\"currentColor\"\u001b[39m\n                  \u001b[33mr\u001b[39m=\u001b[32m\".5\"\u001b[39m\n                \u001b[36m/>\u001b[39m\n                \u001b[36m<circle\u001b[39m\n                  \u001b[33mcx\u001b[39m=\u001b[32m\"6.5\"\u001b[39m\n                  \u001b[33mcy\u001b[39m=\u001b[32m\"12.5\"\u001b[39m\n                  \u001b[33mfill\u001b[39m=\u001b[32m\"currentColor\"\u001b[39m\n                  \u001b[33mr\u001b[39m=\u001b[32m\".5\"\u001b[39m\n                \u001b[36m/>\u001b[39m\n                \u001b[36m<circle\u001b[39m\n                  \u001b[33mcx\u001b[39m=\u001b[32m\"8.5\"\u001b[39m\n                  \u001b[33mcy\u001b[39m=\u001b[32m\"7.5\"\u001b[39m\n                  \u001b[33mfill\u001b[39m=\u001b[32m\"currentColor\"\u001b[39m\n                  \u001b[33mr\u001b[39m=\u001b[32m\".5\"\u001b[39m\n                \u001b[36m/>\u001b[39m\n              \u001b[36m</svg>\u001b[39m\n            \u001b[36m</div>\u001b[39m\n          \u001b[36m</div>\u001b[39m\n        \u001b[36m</div>\u001b[39m\n      \u001b[36m</div>\u001b[39m\n      \u001b[36m<div\u001b[39m\n        \u001b[33mclass\u001b[39m=\u001b[32m\"absolute top-6 left-6 z-50 no-print hidden sm:block\"\u001b[39m\n      \u001b[36m>\u001b[39m\n        \u001b[36m<a\u001b[39m\n          \u001b[33mclass\u001b[39m=\u001b[32m\"inline-flex h-10 items-center gap-2 text-sm font-medium leading-none text-zinc-500 hover:text-zinc-700 focus:outline-none focus:ring-2 focus:ring-zinc-400/40 focus:ring-offset-2 rounded-md\"\u001b[39m\n          \u001b[33mhref\u001b[39m=\u001b[32m\"/?home=1\"\u001b[39m\n        \u001b[36m>\u001b[39m\n          \u001b[36m<svg\u001b[39m\n            \u001b[33maria-hidden\u001b[39m=\u001b[32m\"true\"\u001b[39m\n            \u001b[33mclass\u001b[39m=\u001b[32m\"lucide lucide-arrow-left w-4 h-4\"\u001b[39m\n            \u001b[33mfill\u001b[39m=\u001b[32m\"none\"\u001b[39m\n            \u001b[33mheight\u001b[39m=\u001b[32m\"24\"\u001b[39m\n            \u001b[33mstroke\u001b[39m=\u001b[32m\"currentColor\"\u001b[39m\n            \u001b[33mstroke-linecap\u001b[39m=\u001b[32m\"round\"\u001b[39m\n            \u001b[33mstroke-linejoin\u001b[39m=\u001b[32m\"round\"\u001b[39m\n            \u001b[33mstroke-width\u001b[39m=\u001b[32m\"2\"\u001b[39m\n            \u001b[33mviewBox\u001b[39m=\u001b[32m\"0 0 24 24\"\u001b[39m\n            \u001b[33mwidth\u001b[39m=\u001b[32m\"24\"\u001b[39m\n            \u001b[33mxmlns\u001b[39m=\u001b[32m\"http://www.w3.org/2000/svg\"\u001b[39m\n          \u001b[36m>\u001b[39m\n            \u001b[36m<path\u001b[39m\n              \u001b[33md\u001b[39m=\u001b[32m\"m12 19-7-7 7-7\"\u001b[39m\n            \u001b[36m/>\u001b[39m\n            \u001b[36m<path\u001b[39m\n              \u001b[33md\u001b[39m=\u001b[32m\"M19 12H5\"\u001b[39m\n            \u001b[36m/>\u001b[39m\n          \u001b[36m</svg>\u001b[39m\n          \u001b[0mBack to Home\u001b[0m\n        \u001b[36m</a>\u001b[39m\n      \u001b[36m</div>\u001b[39m\n      \u001b[36m<div\u001b[39m\n        \u001b[33mclass\u001b[39m=\u001b[32m\"absolute top-6 left-auto right-6 z-50 no-print hidden sm:flex sm:w-auto sm:flex-row sm:items-center sm:justify-end sm:gap-2\"\u001b[39m\n        \u001b[33mdata-testid\u001b[39m=\u001b[32m\"top-action-buttons\"\u001b[39m\n      \u001b[36m>\u001b[39m\n        \u001b[36m<a\u001b[39m\n          \u001b[33mclass\u001b[39m=\u001b[32m\"inline-flex h-10 w-full items-center justify-center gap-2 px-4 py-2 bg-white/80 backdrop-blur-sm border border-zinc-200 text-zinc-700 rounded-full font-medium leading-none hover:bg-zinc-50 hover:border-zinc-300 focus:outline-none focus:ring-2 focus:ring-zinc-500/50 focus:ring-offset-1 transition-all shadow-sm text-sm sm:w-auto\"\u001b[39m\n          \u001b[33mhref\u001b[39m=\u001b[32m\"/#cultural-archaeologis...\n    at waitForWrapper (/Users/brussell/Downloads/Code/Cultural Archeologist/cultural-archaeologist-azure-claude-fixed/node_modules/@testing-library/dom/dist/wait-for.js:163:27)\n    at /Users/brussell/Downloads/Code/Cultural Archeologist/cultural-archaeologist-azure-claude-fixed/node_modules/@testing-library/dom/dist/query-helpers.js:86:33\n    at /Users/brussell/Downloads/Code/Cultural Archeologist/cultural-archaeologist-azure-claude-fixed/src/components/DesignExcavator.test.tsx:219:18\n    at file:///Users/brussell/Downloads/Code/Cultural%20Archeologist/cultural-archaeologist-azure-claude-fixed/node_modules/@vitest/runner/dist/chunk-artifact.js:302:11\n    at file:///Users/brussell/Downloads/Code/Cultural%20Archeologist/cultural-archaeologist-azure-claude-fixed/node_modules/@vitest/runner/dist/chunk-artifact.js:1903:26\n    at file:///Users/brussell/Downloads/Code/Cultural%20Archeologist/cultural-archaeologist-azure-claude-fixed/node_modules/@vitest/runner/dist/chunk-artifact.js:2326:20\n    at new Promise (<anonymous>)\n    at runWithCancel (file:///Users/brussell/Downloads/Code/Cultural%20Archeologist/cultural-archaeologist-azure-claude-fixed/node_modules/@vitest/runner/dist/chunk-artifact.js:2323:10)\n    at file:///Users/brussell/Downloads/Code/Cultural%20Archeologist/cultural-archaeologist-azure-claude-fixed/node_modules/@vitest/runner/dist/chunk-artifact.js:2305:20\n    at new Promise (<anonymous>)"],"meta":{},"tags":[]},{"ancestorTitles":["BrandDeepDivePage"],"fullName":"BrandDeepDivePage uses themed document export for PDF output so styling matches public exports","status":"passed","title":"uses themed document export for PDF output so styling matches public exports","duration":899.1552919999995,"failureMessages":[],"meta":{},"tags":[]},{"ancestorTitles":["BrandDeepDivePage"],"fullName":"BrandDeepDivePage shows detailed themed export errors for PDF failures","status":"passed","title":"shows detailed themed export errors for PDF failures","duration":615.7855830000008,"failureMessages":[],"meta":{},"tags":[]},{"ancestorTitles":["BrandDeepDivePage"],"fullName":"BrandDeepDivePage shows per-section refresh for incomplete results and triggers a fresh design search","status":"passed","title":"shows per-section refresh for incomplete results and triggers a fresh design search","duration":394.8821250000001,"failureMessages":[],"meta":{},"tags":[]},{"ancestorTitles":["BrandDeepDivePage"],"fullName":"BrandDeepDivePage renders mobile results navigation for all design result components","status":"passed","title":"renders mobile results navigation for all design result components","duration":248.09104099999968,"failureMessages":[],"meta":{},"tags":[]},{"ancestorTitles":["BrandDeepDivePage"],"fullName":"BrandDeepDivePage renders a Show thinking dropdown for design results that is closed by default","status":"passed","title":"renders a Show thinking dropdown for design results that is closed by default","duration":189.29466700000012,"failureMessages":[],"meta":{},"tags":[]},{"ancestorTitles":["BrandDeepDivePage"],"fullName":"BrandDeepDivePage uses a mobile hamburger for navigation links and keeps desktop top links at sm+","status":"passed","title":"uses a mobile hamburger for navigation links and keeps desktop top links at sm+","duration":95.12354099999993,"failureMessages":[],"meta":{},"tags":[]},{"ancestorTitles":["BrandDeepDivePage"],"fullName":"BrandDeepDivePage renders mobile New Search as an icon button to the right of generate visual analysis","status":"passed","title":"renders mobile New Search as an icon button to the right of generate visual analysis","duration":65.78645899999992,"failureMessages":[],"meta":{},"tags":[]},{"ancestorTitles":["BrandDeepDivePage"],"fullName":"BrandDeepDivePage uses the same primary generate button size and font treatment as other research pages","status":"passed","title":"uses the same primary generate button size and font treatment as other research pages","duration":58.021875000000364,"failureMessages":[],"meta":{},"tags":[]},{"ancestorTitles":["BrandDeepDivePage"],"fullName":"BrandDeepDivePage clears search fields when removing the only brand row","status":"passed","title":"clears search fields when removing the only brand row","duration":109.82287500000075,"failureMessages":[],"meta":{},"tags":[]},{"ancestorTitles":["BrandDeepDivePage"],"fullName":"BrandDeepDivePage moves focus to the next brand name input when pressing Enter","status":"passed","title":"moves focus to the next brand name input when pressing Enter","duration":62.88562499999989,"failureMessages":[],"meta":{},"tags":[]},{"ancestorTitles":["BrandDeepDivePage"],"fullName":"BrandDeepDivePage adds a brand row and focuses it when pressing Enter on the last brand name input","status":"passed","title":"adds a brand row and focuses it when pressing Enter on the last brand name input","duration":67.5963329999995,"failureMessages":[],"meta":{},"tags":[]},{"ancestorTitles":["BrandDeepDivePage"],"fullName":"BrandDeepDivePage falls back to first-party square logo assets before favicon when the initial logo fails","status":"passed","title":"falls back to first-party square logo assets before favicon when the initial logo fails","duration":218.4706670000005,"failureMessages":[],"meta":{},"tags":[]},{"ancestorTitles":["BrandDeepDivePage"],"fullName":"BrandDeepDivePage prioritizes square logo assets and then favicon in the brand header fallback chain","status":"passed","title":"prioritizes square logo assets and then favicon in the brand header fallback chain","duration":158.49870800000008,"failureMessages":[],"meta":{},"tags":[]},{"ancestorTitles":["BrandDeepDivePage"],"fullName":"BrandDeepDivePage shows Compare Across Brands popup when clicking a result box","status":"failed","title":"shows Compare Across Brands popup when clicking a result box","duration":1228.4564999999993,"failureMessages":["Error: Unable to find an element with the text: /Ask About This Analysis/i. This could be because the text is broken up by multiple elements. In this case, you can provide a function for your text matcher to make your matcher more flexible.\n\nIgnored nodes: comments, script, style\n\u001b[36m<body>\u001b[39m\n  \u001b[36m<div>\u001b[39m\n    \u001b[36m<div\u001b[39m\n      \u001b[33mclass\u001b[39m=\u001b[32m\"w-full\"\u001b[39m\n    \u001b[36m>\u001b[39m\n      \u001b[36m<div\u001b[39m\n        \u001b[33mclass\u001b[39m=\u001b[32m\"fixed top-0 left-0 right-0 z-[60] no-print border-b border-zinc-200/80 bg-white/92 backdrop-blur-sm transition-transform duration-200 sm:hidden translate-y-0\"\u001b[39m\n        \u001b[33mdata-testid\u001b[39m=\u001b[32m\"mobile-top-bar\"\u001b[39m\n      \u001b[36m>\u001b[39m\n        \u001b[36m<div\u001b[39m\n          \u001b[33mclass\u001b[39m=\u001b[32m\"mx-auto flex h-14 max-w-6xl items-center gap-3 px-4\"\u001b[39m\n        \u001b[36m>\u001b[39m\n          \u001b[36m<button\u001b[39m\n            \u001b[33maria-expanded\u001b[39m=\u001b[32m\"false\"\u001b[39m\n            \u001b[33maria-label\u001b[39m=\u001b[32m\"Open navigation menu\"\u001b[39m\n            \u001b[33mclass\u001b[39m=\u001b[32m\"inline-flex h-10 w-10 items-center justify-center rounded-xl border border-zinc-200 bg-white/90 text-zinc-700 shadow-sm backdrop-blur-sm focus:outline-none focus:ring-2 focus:ring-zinc-500/50\"\u001b[39m\n            \u001b[33mdata-testid\u001b[39m=\u001b[32m\"mobile-nav-trigger\"\u001b[39m\n            \u001b[33mtype\u001b[39m=\u001b[32m\"button\"\u001b[39m\n          \u001b[36m>\u001b[39m\n            \u001b[36m<svg\u001b[39m\n              \u001b[33maria-hidden\u001b[39m=\u001b[32m\"true\"\u001b[39m\n              \u001b[33mclass\u001b[39m=\u001b[32m\"lucide lucide-menu w-5 h-5\"\u001b[39m\n              \u001b[33mfill\u001b[39m=\u001b[32m\"none\"\u001b[39m\n              \u001b[33mheight\u001b[39m=\u001b[32m\"24\"\u001b[39m\n              \u001b[33mstroke\u001b[39m=\u001b[32m\"currentColor\"\u001b[39m\n              \u001b[33mstroke-linecap\u001b[39m=\u001b[32m\"round\"\u001b[39m\n              \u001b[33mstroke-linejoin\u001b[39m=\u001b[32m\"round\"\u001b[39m\n              \u001b[33mstroke-width\u001b[39m=\u001b[32m\"2\"\u001b[39m\n              \u001b[33mviewBox\u001b[39m=\u001b[32m\"0 0 24 24\"\u001b[39m\n              \u001b[33mwidth\u001b[39m=\u001b[32m\"24\"\u001b[39m\n              \u001b[33mxmlns\u001b[39m=\u001b[32m\"http://www.w3.org/2000/svg\"\u001b[39m\n            \u001b[36m>\u001b[39m\n              \u001b[36m<path\u001b[39m\n                \u001b[33md\u001b[39m=\u001b[32m\"M4 5h16\"\u001b[39m\n              \u001b[36m/>\u001b[39m\n              \u001b[36m<path\u001b[39m\n                \u001b[33md\u001b[39m=\u001b[32m\"M4 12h16\"\u001b[39m\n              \u001b[36m/>\u001b[39m\n              \u001b[36m<path\u001b[39m\n                \u001b[33md\u001b[39m=\u001b[32m\"M4 19h16\"\u001b[39m\n              \u001b[36m/>\u001b[39m\n            \u001b[36m</svg>\u001b[39m\n          \u001b[36m</button>\u001b[39m\n          \u001b[36m<div\u001b[39m\n            \u001b[33mclass\u001b[39m=\u001b[32m\"ml-auto inline-flex min-w-0 items-center justify-end gap-2\"\u001b[39m\n            \u001b[33mdata-testid\u001b[39m=\u001b[32m\"mobile-page-heading\"\u001b[39m\n          \u001b[36m>\u001b[39m\n            \u001b[36m<p\u001b[39m\n              \u001b[33mclass\u001b[39m=\u001b[32m\"truncate text-right text-sm font-semibold text-zinc-900\"\u001b[39m\n              \u001b[33mdata-testid\u001b[39m=\u001b[32m\"mobile-page-title\"\u001b[39m\n            \u001b[36m>\u001b[39m\n              \u001b[0mDesign Excavator\u001b[0m\n            \u001b[36m</p>\u001b[39m\n            \u001b[36m<div\u001b[39m\n              \u001b[33mclass\u001b[39m=\u001b[32m\"inline-flex h-8 w-8 items-center justify-center rounded-lg border border-zinc-200 bg-white text-indigo-600\"\u001b[39m\n              \u001b[33mdata-testid\u001b[39m=\u001b[32m\"mobile-page-icon\"\u001b[39m\n            \u001b[36m>\u001b[39m\n              \u001b[36m<svg\u001b[39m\n                \u001b[33maria-hidden\u001b[39m=\u001b[32m\"true\"\u001b[39m\n                \u001b[33mclass\u001b[39m=\u001b[32m\"lucide lucide-palette h-4 w-4\"\u001b[39m\n                \u001b[33mfill\u001b[39m=\u001b[32m\"none\"\u001b[39m\n                \u001b[33mheight\u001b[39m=\u001b[32m\"24\"\u001b[39m\n                \u001b[33mstroke\u001b[39m=\u001b[32m\"currentColor\"\u001b[39m\n                \u001b[33mstroke-linecap\u001b[39m=\u001b[32m\"round\"\u001b[39m\n                \u001b[33mstroke-linejoin\u001b[39m=\u001b[32m\"round\"\u001b[39m\n                \u001b[33mstroke-width\u001b[39m=\u001b[32m\"2\"\u001b[39m\n                \u001b[33mviewBox\u001b[39m=\u001b[32m\"0 0 24 24\"\u001b[39m\n                \u001b[33mwidth\u001b[39m=\u001b[32m\"24\"\u001b[39m\n                \u001b[33mxmlns\u001b[39m=\u001b[32m\"http://www.w3.org/2000/svg\"\u001b[39m\n              \u001b[36m>\u001b[39m\n                \u001b[36m<path\u001b[39m\n                  \u001b[33md\u001b[39m=\u001b[32m\"M12 22a1 1 0 0 1 0-20 10 9 0 0 1 10 9 5 5 0 0 1-5 5h-2.25a1.75 1.75 0 0 0-1.4 2.8l.3.4a1.75 1.75 0 0 1-1.4 2.8z\"\u001b[39m\n                \u001b[36m/>\u001b[39m\n                \u001b[36m<circle\u001b[39m\n                  \u001b[33mcx\u001b[39m=\u001b[32m\"13.5\"\u001b[39m\n                  \u001b[33mcy\u001b[39m=\u001b[32m\"6.5\"\u001b[39m\n                  \u001b[33mfill\u001b[39m=\u001b[32m\"currentColor\"\u001b[39m\n                  \u001b[33mr\u001b[39m=\u001b[32m\".5\"\u001b[39m\n                \u001b[36m/>\u001b[39m\n                \u001b[36m<circle\u001b[39m\n                  \u001b[33mcx\u001b[39m=\u001b[32m\"17.5\"\u001b[39m\n                  \u001b[33mcy\u001b[39m=\u001b[32m\"10.5\"\u001b[39m\n                  \u001b[33mfill\u001b[39m=\u001b[32m\"currentColor\"\u001b[39m\n                  \u001b[33mr\u001b[39m=\u001b[32m\".5\"\u001b[39m\n                \u001b[36m/>\u001b[39m\n                \u001b[36m<circle\u001b[39m\n                  \u001b[33mcx\u001b[39m=\u001b[32m\"6.5\"\u001b[39m\n                  \u001b[33mcy\u001b[39m=\u001b[32m\"12.5\"\u001b[39m\n                  \u001b[33mfill\u001b[39m=\u001b[32m\"currentColor\"\u001b[39m\n                  \u001b[33mr\u001b[39m=\u001b[32m\".5\"\u001b[39m\n                \u001b[36m/>\u001b[39m\n                \u001b[36m<circle\u001b[39m\n                  \u001b[33mcx\u001b[39m=\u001b[32m\"8.5\"\u001b[39m\n                  \u001b[33mcy\u001b[39m=\u001b[32m\"7.5\"\u001b[39m\n                  \u001b[33mfill\u001b[39m=\u001b[32m\"currentColor\"\u001b[39m\n                  \u001b[33mr\u001b[39m=\u001b[32m\".5\"\u001b[39m\n                \u001b[36m/>\u001b[39m\n              \u001b[36m</svg>\u001b[39m\n            \u001b[36m</div>\u001b[39m\n          \u001b[36m</div>\u001b[39m\n        \u001b[36m</div>\u001b[39m\n      \u001b[36m</div>\u001b[39m\n      \u001b[36m<div\u001b[39m\n        \u001b[33mclass\u001b[39m=\u001b[32m\"absolute top-6 left-6 z-50 no-print hidden sm:block\"\u001b[39m\n      \u001b[36m>\u001b[39m\n        \u001b[36m<a\u001b[39m\n          \u001b[33mclass\u001b[39m=\u001b[32m\"inline-flex h-10 items-center gap-2 text-sm font-medium leading-none text-zinc-500 hover:text-zinc-700 focus:outline-none focus:ring-2 focus:ring-zinc-400/40 focus:ring-offset-2 rounded-md\"\u001b[39m\n          \u001b[33mhref\u001b[39m=\u001b[32m\"/?home=1\"\u001b[39m\n        \u001b[36m>\u001b[39m\n          \u001b[36m<svg\u001b[39m\n            \u001b[33maria-hidden\u001b[39m=\u001b[32m\"true\"\u001b[39m\n            \u001b[33mclass\u001b[39m=\u001b[32m\"lucide lucide-arrow-left w-4 h-4\"\u001b[39m\n            \u001b[33mfill\u001b[39m=\u001b[32m\"none\"\u001b[39m\n            \u001b[33mheight\u001b[39m=\u001b[32m\"24\"\u001b[39m\n            \u001b[33mstroke\u001b[39m=\u001b[32m\"currentColor\"\u001b[39m\n            \u001b[33mstroke-linecap\u001b[39m=\u001b[32m\"round\"\u001b[39m\n            \u001b[33mstroke-linejoin\u001b[39m=\u001b[32m\"round\"\u001b[39m\n            \u001b[33mstroke-width\u001b[39m=\u001b[32m\"2\"\u001b[39m\n            \u001b[33mviewBox\u001b[39m=\u001b[32m\"0 0 24 24\"\u001b[39m\n            \u001b[33mwidth\u001b[39m=\u001b[32m\"24\"\u001b[39m\n            \u001b[33mxmlns\u001b[39m=\u001b[32m\"http://www.w3.org/2000/svg\"\u001b[39m\n          \u001b[36m>\u001b[39m\n            \u001b[36m<path\u001b[39m\n              \u001b[33md\u001b[39m=\u001b[32m\"m12 19-7-7 7-7\"\u001b[39m\n            \u001b[36m/>\u001b[39m\n            \u001b[36m<path\u001b[39m\n              \u001b[33md\u001b[39m=\u001b[32m\"M19 12H5\"\u001b[39m\n            \u001b[36m/>\u001b[39
[...]
alid canonical document for Gen Z mock exports","status":"passed","title":"creates a valid canonical document for Gen Z mock exports","duration":6.6851669999999785,"failureMessages":[],"meta":{},"tags":[]},{"ancestorTitles":["brand-atlas export model"],"fullName":"brand-atlas export model builds deterministic renderer page plans from canonical JSON","status":"passed","title":"builds deterministic renderer page plans from canonical JSON","duration":1.6733750000000782,"failureMessages":[],"meta":{},"tags":[]}],"startTime":1781041649584,"endTime":1781041649592.6733,"status":"passed","message":"","name":"/Users/brussell/Downloads/Code/Cultural Archeologist/cultural-archaeologist-azure-claude-fixed/src/services/brand-atlas-export-model.test.ts"},{"assertionResults":[{"ancestorTitles":["brand atlas themed export layout"],"fullName":"brand atlas themed export layout chunks cards into slide-sized groups","status":"passed","title":"chunks cards into slide-sized groups","duration":2.7417500000001382,"failureMessages":[],"meta":{},"tags":[]},{"ancestorTitles":["brand atlas themed export layout"],"fullName":"brand atlas themed export layout defaults to one card per chunk when chunk size is invalid","status":"passed","title":"defaults to one card per chunk when chunk size is invalid","duration":0.578708000000006,"failureMessages":[],"meta":{},"tags":[]},{"ancestorTitles":["brand atlas themed export layout"],"fullName":"brand atlas themed export layout increases card height when bullets wrap across multiple lines","status":"passed","title":"increases card height when bullets wrap across multiple lines","duration":6.499957999999879,"failureMessages":[],"meta":{},"tags":[]},{"ancestorTitles":["brand atlas themed export layout"],"fullName":"brand atlas themed export layout paginates long ppt card copy into continuation chunks without dropping bullets","status":"passed","title":"paginates long ppt card copy into continuation chunks without dropping bullets","duration":0.5827500000000327,"failureMessages":[],"meta":{},"tags":[]}],"startTime":1781041648900,"endTime":1781041648910.5828,"status":"passed","message":"","name":"/Users/brussell/Downloads/Code/Cultural Archeologist/cultural-archaeologist-azure-claude-fixed/src/services/brand-atlas-themed-export.test.ts"},{"assertionResults":[{"ancestorTitles":["brand-input helpers"],"fullName":"brand-input helpers parses comma-separated brands without duplicates","status":"passed","title":"parses comma-separated brands without duplicates","duration":3.5157910000000356,"failureMessages":[],"meta":{},"tags":[]},{"ancestorTitles":["brand-input helpers"],"fullName":"brand-input helpers normalizes brand tokens without changing free-form category text","status":"passed","title":"normalizes brand tokens without changing free-form category text","duration":0.14533300000005056,"failureMessages":[],"meta":{},"tags":[]},{"ancestorTitles":["brand-input helpers"],"fullName":"brand-input helpers returns fast local suggestions from saved brand values","status":"passed","title":"returns fast local suggestions from saved brand values","duration":0.5787910000000238,"failureMessages":[],"meta":{},"tags":[]}],"startTime":1781041649860,"endTime":1781041649863.5789,"status":"passed","message":"","name":"/Users/brussell/Downloads/Code/Cultural Archeologist/cultural-archaeologist-azure-claude-fixed/src/services/brand-input.test.ts"},{"assertionResults":[{"ancestorTitles":["buildBrandWebsiteContextPrompt"],"fullName":"buildBrandWebsiteContextPrompt returns empty string when no contexts are available","status":"passed","title":"returns empty string when no contexts are available","duration":1.3923750000000155,"failureMessages":[],"meta":{},"tags":[]},{"ancestorTitles":["buildBrandWebsiteContextPrompt"],"fullName":"buildBrandWebsiteContextPrompt formats contexts into a prompt section","status":"passed","title":"formats contexts into a prompt section","duration":0.2809590000000526,"failureMessages":[],"meta":{},"tags":[]}],"startTime":1781041651275,"endTime":1781041651276.3923,"status":"passed","message":"","name":"/Users/brussell/Downloads/Code/Cultural Archeologist/cultural-archaeologist-azure-claude-fixed/src/services/brand-web-context.test.ts"},{"assertionResults":[{"ancestorTitles":["completion-sound"],"fullName":"completion-sound exposes improved results-complete sound options including mute","status":"passed","title":"exposes improved results-complete sound options including mute","duration":1.3040829999999914,"failureMessages":[],"meta":{},"tags":[]},{"ancestorTitles":["completion-sound"],"fullName":"completion-sound falls back to default when localStorage has an invalid sound id","status":"passed","title":"falls back to default when localStorage has an invalid sound id","duration":0.9016670000000886,"failureMessages":[],"meta":{},"tags":[]},{"ancestorTitles":["completion-sound"],"fullName":"completion-sound persists and reloads the selected completion sound","status":"passed","title":"persists and reloads the selected completion sound","duration":0.2978329999999687,"failureMessages":[],"meta":{},"tags":[]},{"ancestorTitles":["completion-sound"],"fullName":"completion-sound does not create an audio context when sound is set to off","status":"passed","title":"does not create an audio context when sound is set to off","duration":0.5935839999999644,"failureMessages":[],"meta":{},"tags":[]},{"ancestorTitles":["completion-sound"],"fullName":"completion-sound plays a selected preset using WebAudio oscillators","status":"passed","title":"plays a selected preset using WebAudio oscillators","duration":4.829124999999976,"failureMessages":[],"meta":{},"tags":[]},{"ancestorTitles":["completion-sound"],"fullName":"completion-sound ignores invalid values passed into save","status":"passed","title":"ignores invalid values passed into save","duration":0.39095799999995506,"failureMessages":[],"meta":{},"tags":[]}],"startTime":1781041649262,"endTime":1781041649270.3909,"status":"passed","message":"","name":"/Users/brussell/Downloads/Code/Cultural Archeologist/cultural-archaeologist-azure-claude-fixed/src/services/completion-sound.test.ts"},{"assertionResults":[{"ancestorTitles":["parseCulturalBackfillCliArgs"],"fullName":"parseCulturalBackfillCliArgs enables repeat-until-clean when requested","status":"passed","title":"enables repeat-until-clean when requested","duration":2.431874999999991,"failureMessages":[],"meta":{},"tags":[]},{"ancestorTitles":["parseCulturalBackfillCliArgs"],"fullName":"parseCulturalBackfillCliArgs parses common backfill arguments","status":"passed","title":"parses common backfill arguments","duration":0.3178329999999505,"failureMessages":[],"meta":{},"tags":[]},{"ancestorTitles":["parseCulturalBackfillCliArgs"],"fullName":"parseCulturalBackfillCliArgs parses space-delimited argument values","status":"passed","title":"parses space-delimited argument values","duration":0.16745900000000802,"failureMessages":[],"meta":{},"tags":[]}],"startTime":1781041650881,"endTime":1781041650883.432,"status":"passed","message":"","name":"/Users/brussell/Downloads/Code/Cultural Archeologist/cultural-archaeologist-azure-claude-fixed/src/services/cultural-deep-dive-backfill-cli.test.ts"},{"assertionResults":[{"ancestorTitles":["cultural-deep-dive-backfill helpers"],"fullName":"cultural-deep-dive-backfill helpers returns indices for entries that have text but no deep dive","status":"passed","title":"returns indices for entries that have text but no deep dive","duration":3.1479160000000093,"failureMessages":[],"meta":{},"tags":[]},{"ancestorTitles":["cultural-deep-dive-backfill helpers"],"fullName":"cultural-deep-dive-backfill helpers treats legacy deep_dive entries as already backfilled","status":"passed","title":"treats legacy deep_dive entries as already backfilled","duration":0.4224169999999958,"failureMessages":[],"meta":{},"tags":[]},{"ancestorTitles":["cultural-deep-dive-backfill helpers"],"fullName":"cultural-deep-dive-backfill helpers applies generated reports back onto targeted indices","status":"passed","title":"applies generated reports back onto targeted indices","duration":1.4385829999999942,"failureMessages":[],"meta":{},"tags":[]},{"ancestorTitles":["cultural-deep-dive-backfill helpers"],"fullName":"cultural-deep-dive-backfill helpers extracts backfill context with safe fallbacks","status":"passed","title":"extracts backfill context with safe fallbacks","duration":2.017082999999957,"failureMessages":[],"meta":{},"tags":[]},{"ancestorTitles":["cultural-deep-dive-backfill helpers"],"fullName":"cultural-deep-dive-backfill helpers resolves matrix payload before results payload to match AdminPage parsing","status":"passed","title":"resolves matrix payload before results payload to match AdminPage parsing","duration":2.1369170000000395,"failureMessages":[],"meta":{},"tags":[]},{"ancestorTitles":["cultural-deep-dive-backfill helpers"],"fullName":"cultural-deep-dive-backfill helpers resolves nested legacy payload shapes","status":"passed","title":"resolves nested legacy payload shapes","duration":0.3833750000000009,"failureMessages":[],"meta":{},"tags":[]},{"ancestorTitles":["cultural-deep-dive-backfill helpers"],"fullName":"cultural-deep-dive-backfill helpers resolves payloads when results is stored as a JSON string","status":"passed","title":"resolves payloads when results is stored as a JSON string","duration":0.3230829999999969,"failureMessages":[],"meta":{},"tags":[]}],"startTime":1781041650279,"endTime":1781041650289.3833,"status":"passed","message":"","name":"/Users/brussell/Downloads/Code/Cultural Archeologist/cultural-archaeologist-azure-claude-fixed/src/services/cultural-deep-dive-backfill.test.ts"},{"assertionResults":[{"ancestorTitles":["buildExportFileBase"],"fullName":"buildExportFileBase falls back when audience is emptyish","status":"passed","title":"falls back when audience is emptyish","duration":1.0225000000000364,"failureMessages":[],"meta":{},"tags":[]},{"ancestorTitles":["buildExportFileBase"],"fullName":"buildExportFileBase sanitizes and underscores a valid audience value","status":"passed","title":"sanitizes and underscores a valid audience value","duration":0.094791999999984,"failureMessages":[],"meta":{},"tags":[]}],"startTime":1781041650843,"endTime":1781041650844.0947,"status":"passed","message":"","name":"/Users/brussell/Downloads/Code/Cultural Archeologist/cultural-archaeologist-azure-claude-fixed/src/services/export-filenames.test.ts"},{"assertionResults":[{"ancestorTitles":["normalizeExternalHttpUrl"],"fullName":"normalizeExternalHttpUrl adds https protocol for bare domains","status":"passed","title":"adds https protocol for bare domains","duration":1.2666670000000977,"failureMessages":[],"meta":{},"tags":[]},{"ancestorTitles":["normalizeExternalHttpUrl"],"fullName":"normalizeExternalHttpUrl returns null for unsupported schemes","status":"passed","title":"returns null for unsupported schemes","duration":0.7879590000000007,"failureMessages":[],"meta":{},"tags":[]},{"ancestorTitles":["normalizeExternalHttpUrl"],"fullName":"normalizeExternalHttpUrl blocks localhost links when app is not running on localhost","status":"passed","title":"blocks localhost links when app is not running on localhost","duration":0.21945799999991777,"failureMessages":[],"meta":{},"tags":[]},{"ancestorTitles":["normalizeExternalHttpUrl"],"fullName":"normalizeExternalHttpUrl allows localhost links when app is running on localhost","status":"passed","title":"allows localhost links when app is running on localhost","duration":0.09474999999997635,"failureMessages":[],"meta":{},"tags":[]},{"ancestorTitles":["sanitizeApiBaseUrl"],"fullName":"sanitizeApiBaseUrl keeps safe remote API bases","status":"passed","title":"keeps safe remote API bases","duration":0.13149999999995998,"failureMessages":[],"meta":{},"tags":[]},{"ancestorTitles":["sanitizeApiBaseUrl"],"fullName":"sanitizeApiBaseUrl drops localhost API base in deployed browsers","status":"passed","title":"drops localhost API base in deployed browsers","duration":0.1663340000000062,"failureMessages":[],"meta":{},"tags":[]},{"ancestorTitles":["sanitizeApiBaseUrl"],"fullName":"sanitizeApiBaseUrl keeps localhost API base for localhost development","status":"passed","title":"keeps localhost API base for localhost development","duration":0.07362499999999272,"failureMessages":[],"meta":{},"tags":[]}],"startTime":1781041648899,"endTime":1781041648902.1663,"status":"passed","message":"","name":"/Users/brussell/Downloads/Code/Cultural Archeologist/cultural-archaeologist-azure-claude-fixed/src/services/external-links.test.ts"},{"assertionResults":[{"ancestorTitles":["navigation-routes"],"fullName":"navigation-routes detects lowercase brand navigator pathname","status":"passed","title":"detects lowercase brand navigator pathname","duration":2.153041999999914,"failureMessages":[],"meta":{},"tags":[]},{"ancestorTitles":["navigation-routes"],"fullName":"navigation-routes detects camelcase BrandNavigator pathname","status":"passed","title":"detects camelcase BrandNavigator pathname","duration":0.18070799999998144,"failureMessages":[],"meta":{},"tags":[]},{"ancestorTitles":["navigation-routes"],"fullName":"navigation-routes detects hash variants for brand navigator","status":"passed","title":"detects hash variants for brand navigator","duration":0.33350000000007185,"failureMessages":[],"meta":{},"tags":[]},{"ancestorTitles":["navigation-routes"],"fullName":"navigation-routes resolves root view to brand navigator for direct BrandNavigator path","status":"passed","title":"resolves root view to brand navigator for direct BrandNavigator path","duration":0.7130000000000791,"failureMessages":[],"meta":{},"tags":[]},{"ancestorTitles":["navigation-routes"],"fullName":"navigation-routes resolves root view to brand navigator when hash points to brand navigator from any path","status":"passed","title":"resolves root view to brand navigator when hash points to brand navigator from any path","duration":0.47916699999996126,"failureMessages":[],"meta":{},"tags":[]},{"ancestorTitles":["navigation-routes"],"fullName":"navigation-routes resolves root view to app when hash points to app routes even on brand navigator path","status":"passed","title":"resolves root view to app when hash points to app routes even on brand navigator path","duration":0.35920900000007805,"failureMessages":[],"meta":{},"tags":[]}],"startTime":1781041650584,"endTime":1781041650588.4792,"status":"passed","message":"","name":"/Users/brussell/Downloads/Code/Cultural Archeologist/cultural-archaeologist-azure-claude-fixed/src/services/navigation-routes.test.ts"},{"assertionResults":[{"ancestorTitles":["navigation mobile scroll reset"],"fullName":"navigation mobile scroll reset scrolls to top on mobile when navigating to a hash route","status":"passed","title":"scrolls to top on mobile when navigating to a hash route","duration":12.719291999999996,"failureMessages":[],"meta":{},"tags":[]},{"ancestorTitles":["navigation mobile scroll reset"],"fullName":"navigation mobile scroll reset scrolls to top on mobile when navigating home","status":"passed","title":"scrolls to top on mobile when navigating home","duration":1.1672920000000886,"failureMessages":[],"meta":{},"tags":[]},{"ancestorTitles":["navigation mobile scroll reset"],"fullName":"navigation mobile scroll reset does not force scroll reset on desktop width","status":"passed","title":"does not force scroll reset on desktop width","duration":0.4517089999999371,"failureMessages":[],"meta":{},"tags":[]}],"startTime":1781041647600,"endTime":1781041647614.4517,"status":"passed","message":"","name":"/Users/brussell/Downloads/Code/Cultural Archeologist/cultural-archaeologist-azure-claude-fixed/src/services/navigation.test.ts"},{"assertionResults":[{"ancestorTitles":["recent-results-storage"],"fullName":"recent-results-storage returns empty array when mode has no records","status":"passed","title":"returns empty array when mode has no records","duration":5.450666999999839,"failureMessages":[],"meta":{},"tags":[]},{"ancestorTitles":["recent-results-storage"],"fullName":"recent-results-storage keeps data siloed by app mode","status":"passed","title":"keeps data siloed by app mode","duration":2.8040419999999813,"failureMessages":[],"meta":{},"tags":[]},{"ancestorTitles":["recent-results-storage"],"fullName":"recent-results-storage moves duplicate item to the front instead of duplicating","status":"passed","title":"moves duplicate item to the front instead of duplicating","duration":0.6181669999998576,"failureMessages":[],"meta":{},"tags":[]},{"ancestorTitles":["recent-results-storage"],"fullName":"recent-results-storage caps history at MAX_RECENT_RESULTS","status":"passed","title":"caps history at MAX_RECENT_RESULTS","duration":2.325958000000128,"failureMessages":[],"meta":{},"tags":[]},{"ancestorTitles":["recent-results-storage"],"fullName":"recent-results-storage clears history for a single mode","status":"passed","title":"clears history for a single mode","duration":3.8816249999999854,"failureMessages":[],"meta":{},"tags":[]},{"ancestorTitles":["recent-results-storage"],"fullName":"recent-results-storage removes an individual recent result by id","status":"passed","title":"removes an individual recent result by id","duration":2.178917000000183,"failureMessages":[],"meta":{},"tags":[]},{"ancestorTitles":["recent-results-storage"],"fullName":"recent-results-storage returns empty array if stored JSON is invalid","status":"passed","title":"returns empty array if stored JSON is invalid","duration":3.410624999999982,"failureMessages":[],"meta":{},"tags":[]},{"ancestorTitles":["recent-results-storage"],"fullName":"recent-results-storage replaces recent results while preserving provided order","status":"passed","title":"replaces recent results while preserving provided order","duration":1.1100000000001273,"failureMessages":[],"meta":{},"tags":[]}],"startTime":1781041646676,"endTime":1781041646698.11,"status":"passed","message":"","name":"/Users/brussell/Downloads/Code/Cultural Archeologist/cultural-archaeologist-azure-claude-fixed/src/services/recent-results-storage.test.ts"},{"assertionResults":[{"ancestorTitles":["runUserAction"],"fullName":"runUserAction returns successful action result","status":"passed","title":"returns successful action result","duration":4.387417000000141,"failureMessages":[],"meta":{},"tags":[]},{"ancestorTitles":["runUserAction"],"fullName":"runUserAction calls onError and rethrows failure","status":"passed","title":"calls onError and rethrows failure","duration":5.733708000000206,"failureMessages":[],"meta":{},"tags":[]}],"startTime":1781041648313,"endTime":1781041648322.7336,"status":"passed","message":"","name":"/Users/brussell/Downloads/Code/Cultural Archeologist/cultural-archaeologist-azure-claude-fixed/src/services/user-actions.test.ts"},{"assertionResults":[{"ancestorTitles":["visual export pagination"],"fullName":"visual export pagination creates a single slice when the content fits one page","status":"passed","title":"creates a single slice when the content fits one page","duration":81.23199999999997,"failureMessages":[],"meta":{},"tags":[]},{"ancestorTitles":["visual export pagination"],"fullName":"visual export pagination splits tall content into deterministic vertical slices","status":"passed","title":"splits tall content into deterministic vertical slices","duration":0.30433400000015354,"failureMessages":[],"meta":{},"tags":[]},{"ancestorTitles":["visual export pagination"],"fullName":"visual export pagination normalizes unsupported modern color syntax for export rendering","status":"passed","title":"normalizes unsupported modern color syntax for export rendering","duration":1175.2360829999998,"failureMessages":[],"meta":{},"tags":[]}],"startTime":1781041641529,"endTime":1781041642786.236,"status":"passed","message":"","name":"/Users/brussell/Downloads/Code/Cultural Archeologist/cultural-archaeologist-azure-claude-fixed/src/services/visual-export.test.ts"}]}